[Loading] INITIALIZING
Starting TLauncher 2.839 RELEASE
For more information, visit https://tlauncher.org/
Startup time: 08.01.2022 11:52:28
Running folder C:\Users\Фриз\AppData\Roaming\.minecraft
---
[Loading] LOADING_CONFIGURATION
Machine info: -------------------------------------------------------
Windows 10 10.0, Java 1.8.0_281, jvm bit x64, 16332 MB RAM
java path=C:\Users\Фриз\AppData\Roaming\.tlauncher\jvms\jre1.8.0_281\bin\javaw.exe
 NVIDIA GeForce GTX 1050 Ti, NVIDIA GeForce GTX 1050 Ti, 12184 MB
-------------------------------------------------------
Selected locale: ru_RU
[Loading] LOADING_CONSOLE
[Downloader2] Loaded configuration: good
[Updater] Requesting an update...
[Updater] Requesting from: https://repo.tlauncher.org/update/lch/update_2.0.json
[Updater] Making request: https://repo.tlauncher.org/update/lch/update_2.0.json?version=2.839&client=793048cb-6b32-407e-ac4d-9bed05500fcd
[Updater] Request time: 64 ms
[Updater] Successfully requested from: https://repo.tlauncher.org/update/lch/update_2.0.json
[Browser] Loading resources...
[Browser] Loading background...
[Browser] Cleaning up after loading:
Starting garbage collector: 40 / 195 MB
Garbage collector completed: 18 / 232 MB
[Loading] LOADING_MANAGERS
[LocalVersionList] Base directory: C:\Users\Фриз\AppData\Roaming\.minecraft
[ProfileManager] Refreshing profiles from: C:\Users\Фриз\AppData\Roaming\.minecraft\TlauncherProfiles.json
[JFXStartPageLoader]  start load page: https://page.tlauncher.org/update/downloads/configs/client/index.html
[AdvertisingStatusObserver]  started to get ad information
[AdvertisingStatusObserver]  finished to get add information
save profiles
[GsonUtil]  request to https://repo.tlauncher.org/update/downloads/libraries/org/tlauncher/authlib/libraries-1.7.json
[Loading] LOADING_WINDOW
[Browser] Running in JavaFX Thread
[Browser] Preparing JavaFX...
[Swing] Favicons loaded: 256px, 128px, 96px, 64px, 48px, 32px, 24px, 16px
[Loading] PREPARING_MAINPANE
[Browser] Initializing...
[REPO][SERVER_LIST_REPO] Success: Reached the repo in 71 ms.
[Downloader2] Loaded configuration: good
[JFXStartPageLoader]  succeeded load page: https://page.tlauncher.org/update/downloads/configs/client/index.html during 0
[Browser@1485479204] Loaded successfully: "https://page.tlauncher.org/update/downloads/configs/client/index.html"
[Browser] add listens into server_choose
[Browser] finished listens into server_choose
[Loading] POSTINIT_GUI
[Frame] Packing main frame...
[Frame] Resizing main pane...
flush now
Updater is already closed. Showing up...
Visibility set.
[Loading] REFRESHING_INFO
[VersionManager] Refreshing versions remotely...
Started! (2175 ms.)
[REPO][EXTRA_VERSION_REPO] Attempt #1; timeout: 20000 ms; url: https://repo.tlauncher.org/update/downloads/versions/new4/
[Loading] SUCCESS
[REPO][EXTRA_VERSION_REPO] Success: Reached the repo in 26 ms.
[TLauncher] show tlauncher!!!
[REPO][OFFICIAL_VERSION_REPO] Attempt #1; timeout: 20000 ms; url: https://launchermeta.mojang.com/mc/game/
[REPO][SKIN_VERSION_REPO] Attempt #1; timeout: 20000 ms; url: https://repo.tlauncher.org/update/downloads/versions/new4/skin/versions/
[REPO][EXTRA_VERSION_REPO] Attempt #1; timeout: 20000 ms; url: https://repo.tlauncher.org/update/downloads/versions/new4/
[REPO][SKIN_VERSION_REPO] Success: Reached the repo in 13 ms.
[SkinVersionList] Got in 44 ms
[REPO][EXTRA_VERSION_REPO] Success: Reached the repo in 59 ms.
[ExtraVersionList] Got in 103 ms
[REPO][OFFICIAL_VERSION_REPO] Success: Reached the repo in 187 ms.
[OfficialVersionList] Got in 244 ms
[VersionManager] Versions has been refreshed (336 ms)
[Version:1.12.2-forge-14.23.5.2855] Resolving...
[Version:1.12.2-forge-14.23.5.2855] Inherits from 1.12.2
[Version:1.12.2-forge-14.23.5.2860] Resolving...
[Version:1.12.2-forge-14.23.5.2860] Inherits from 1.12.2
[Version:1.15.2-forge-31.2.57] Resolving...
[Version:1.15.2-forge-31.2.57] Inherits from 1.15.2
[Version:1.17-OptiFine_HD_U_G9_pre26] Resolving...
[Version:1.17-OptiFine_HD_U_G9_pre26] Inherits from 1.17
[Version:1.7.10-Forge10.13.4.1614-1.7.10] Resolving...
[Version:1.7.10-Forge10.13.4.1614-1.7.10] Inherits from 1.7.10
[Double running] clear time label
[Version:1.12.2-forge-14.23.5.2855] Resolving...
[Version:1.12.2-forge-14.23.5.2855] Inherits from 1.12.2
[Version:1.12.2-forge-14.23.5.2860] Resolving...
[Version:1.12.2-forge-14.23.5.2860] Inherits from 1.12.2
[Version:1.15.2-forge-31.2.57] Resolving...
[Version:1.15.2-forge-31.2.57] Inherits from 1.15.2
[Version:1.17-OptiFine_HD_U_G9_pre26] Resolving...
[Version:1.17-OptiFine_HD_U_G9_pre26] Inherits from 1.17
[Version:1.7.10-Forge10.13.4.1614-1.7.10] Resolving...
[Version:1.7.10-Forge10.13.4.1614-1.7.10] Inherits from 1.7.10
local server started
[Version:1.12.2-forge-14.23.5.2855] Resolving...
[Version:1.12.2-forge-14.23.5.2855] Inherits from 1.12.2
[Version:1.12.2-forge-14.23.5.2860] Resolving...
[Version:1.12.2-forge-14.23.5.2860] Inherits from 1.12.2
[Version:1.15.2-forge-31.2.57] Resolving...
[Version:1.15.2-forge-31.2.57] Inherits from 1.15.2
[Version:1.17-OptiFine_HD_U_G9_pre26] Resolving...
[Version:1.17-OptiFine_HD_U_G9_pre26] Inherits from 1.17
[Version:1.7.10-Forge10.13.4.1614-1.7.10] Resolving...
[Version:1.7.10-Forge10.13.4.1614-1.7.10] Inherits from 1.7.10
[REPO][ADD_HOT_SERVERS_REPO] Attempt #1; timeout: 20000 ms; url: https://repo.tlauncher.org/update/lch/additional_hot_servers-1.0.json
[REPO][HOT_SERVERS_REPO] Attempt #1; timeout: 20000 ms; url: https://repo.tlauncher.org/update/lch/servers/hot_servers-1.0.json
[REPO][ADD_HOT_SERVERS_REPO] Success: Reached the repo in 22 ms.
[REPO][HOT_SERVERS_REPO] Success: Reached the repo in 48 ms.
saved account Account{displayName=freeze2222, userid=freeze2222, uuid=f327aa2d585342aa888e1379e2bbf860, username=freeze2222}
save profiles
onAuthPassed
saved account Account{displayName=freeze2222, userid=freeze2222, uuid=f327aa2d585342aa888e1379e2bbf860, username=freeze2222}
save profiles
[LoginForm] Login was OK. Trying to launch now.
[Launcher] Running under TLauncher 2.839
[Launcher] Collecting info...
[TLauncherManager] before clearLibrary C:\Users\Фриз\AppData\Roaming\.minecraft\mods\AdvancedSolarPanel-1.7.10-3.5.1.jar C:\Users\Фриз\AppData\Roaming\.minecraft\mods\AgriCraft-1.7.10-1.5.0.jar C:\Users\Фриз\AppData\Roaming\.minecraft\mods\AOBD-2.9.2.jar C:\Users\Фриз\AppData\Roaming\.minecraft\mods\appliedenergistics2-rv3-beta-6.jar C:\Users\Фриз\AppData\Roaming\.minecraft\mods\Aroma1997Core-1.7.10-1.0.2.16.jar C:\Users\Фриз\AppData\Roaming\.minecraft\mods\Aroma1997s-Dimensional-World-1.7.10-1.1.0.1.jar C:\Users\Фриз\AppData\Roaming\.minecraft\mods\Avaritia-1.11.jar C:\Users\Фриз\AppData\Roaming\.minecraft\mods\bdlib-1.9.4.109-mc1.7.10.jar C:\Users\Фриз\AppData\Roaming\.minecraft\mods\BetterFps_1.0.1.jar C:\Users\Фриз\AppData\Roaming\.minecraft\mods\BiblioCraft[v1.11.7][MC1.7.10].jar C:\Users\Фриз\AppData\Roaming\.minecraft\mods\BiblioWoods[BiomesOPlenty][v1.9].jar C:\Users\Фриз\AppData\Roaming\.minecraft\mods\BiblioWoods[Forestry][v1.7].jar C:\Users\Фриз\AppData\Roaming\.minecraft\mods\BiblioWoods[Natura][v1.5].jar C:\Users\Фриз\AppData\Roaming\.minecraft\mods\BigReactors-0.4.3A.jar C:\Users\Фриз\AppData\Roaming\.minecraft\mods\Binnie Patcher 1.8.jar C:\Users\Фриз\AppData\Roaming\.minecraft\mods\binnie-mods-2.0-pre14.jar C:\Users\Фриз\AppData\Roaming\.minecraft\mods\BiomesOPlenty-1.7.10-2.1.0.1889-universal.jar C:\Users\Фриз\AppData\Roaming\.minecraft\mods\BloodMagic-1.7.10-1.3.3-17.jar C:\Users\Фриз\AppData\Roaming\.minecraft\mods\Botania r1.8-249.jar C:\Users\Фриз\AppData\Roaming\.minecraft\mods\BrandonsCore-1.0.0.12.jar C:\Users\Фриз\AppData\Roaming\.minecraft\mods\buildcraft-7.1.22.jar C:\Users\Фриз\AppData\Roaming\.minecraft\mods\buildcraft-compat-7.1.5.jar C:\Users\Фриз\AppData\Roaming\.minecraft\mods\Carpenter's Blocks v3.3.8.1 - MC 1.7.10.jar C:\Users\Фриз\AppData\Roaming\.minecraft\mods\Chisel-2.9.5.11.jar C:\Users\Фриз\AppData\Roaming\.minecraft\mods\CodeChickenCore-1.7.10-1.0.7.47-universal.jar C:\Users\Фриз\AppData\Roaming\.minecraft\mods\CoFHCore-[1.7.10]3.1.4-329.jar C:\Users\Фриз\AppData\Roaming\.minecraft\mods\CoFHLib-[1.7.10]1.2.1-185.jar C:\Users\Фриз\AppData\Roaming\.minecraft\mods\ComputerCraft1.75_mc1.7.10.jar C:\Users\Фриз\AppData\Roaming\.minecraft\mods\CraftTweaker-1.7.10-3.0.13.jar C:\Users\Фриз\AppData\Roaming\.minecraft\mods\creeperhost-1.7.10-1.1.0.jar C:\Users\Фриз\AppData\Roaming\.minecraft\mods\denseores-1.6.2.jar C:\Users\Фриз\AppData\Roaming\.minecraft\mods\Draconic-Evolution-1.7.10-1.0.2h.jar C:\Users\Фриз\AppData\Roaming\.minecraft\mods\DragonsRadioMod_MC1.7.10_1.6.2.jar C:\Users\Фриз\AppData\Roaming\.minecraft\mods\EnderCore-1.7.10-0.2.0.39_beta.jar C:\Users\Фриз\AppData\Roaming\.minecraft\mods\EnderIO-1.7.10-2.3.0.429_beta.jar C:\Users\Фриз\AppData\Roaming\.minecraft\mods\EnderStorage-1.7.10-1.4.7.37-universal.jar C:\Users\Фриз\AppData\Roaming\.minecraft\mods\EnderTech-1.7.10-0.3.2.405.jar C:\Users\Фриз\AppData\Roaming\.minecraft\mods\EnderZoo-1.7.10-1.0.15.32.jar C:\Users\Фриз\AppData\Roaming\.minecraft\mods\ExtraCells-1.7.10-2.3.14b197.jar C:\Users\Фриз\AppData\Roaming\.minecraft\mods\ExtraTiC-1.7.10-1.4.6.jar C:\Users\Фриз\AppData\Roaming\.minecraft\mods\extrautilities-1.2.12.jar C:\Users\Фриз\AppData\Roaming\.minecraft\mods\FastLeafDecay-1.7.10-1.4.jar C:\Users\Фриз\AppData\Roaming\.minecraft\mods\Forbidden Magic-1.7.10-0.575.jar C:\Users\Фриз\AppData\Roaming\.minecraft\mods\forestry_1.7.10-4.2.16.64.jar C:\Users\Фриз\AppData\Roaming\.minecraft\mods\FTBLib-1.7.10-1.0.18.3.jar C:\Users\Фриз\AppData\Roaming\.minecraft\mods\FTBTweaks-1.0.2.jar C:\Users\Фриз\AppData\Roaming\.minecraft\mods\FTBUtilities-1.7.10-1.0.18.3.jar C:\Users\Фриз\AppData\Roaming\.minecraft\mods\funky-locomotion-1.7.10-beta-7.jar C:\Users\Фриз\AppData\Roaming\.minecraft\mods\gendustry-1.6.3.132-mc1.7.10.jar C:\Users\Фриз\AppData\Roaming\.minecraft\mods\GraviSuite-1.7.10-2.0.3.jar C:\Users\Фриз\AppData\Roaming\.minecraft\mods\Guide-API-1.7.10-1.0.1-20.jar C:\Users\Фриз\AppData\Roaming\.minecraft\mods\Headcrumbs-1.7.4.jar C:\Users\Фриз\AppData\Roaming\.minecraft\mods\HQM_The_Journey_1.7.10_4.4.4.jar C:\Users\Фриз\AppData\Roaming\.minecraft\mods\IC2NuclearControl-2.4.2a.jar C:\Users\Фриз\AppData\Roaming\.minecraft\mods\iChunUtil-4.2.3.jar C:\Users\Фриз\AppData\Roaming\.minecraft\mods\ImmersiveEngineering-0.7.7.jar C:\Users\Фриз\AppData\Roaming\.minecraft\mods\immersiveintegration-0.6.8.jar C:\Users\Фриз\AppData\Roaming\.minecraft\mods\industrialcraft-2-2.2.827-experimental.jar C:\Users\Фриз\AppData\Roaming\.minecraft\mods\INpureCore-[1.7.10]1.0.0B9-62.jar C:\Users\Фриз\AppData\Roaming\.minecraft\mods\InventoryTweaks-1.59-dev-152.jar C:\Users\Фриз\AppData\Roaming\.minecraft\mods\ironchest-1.7.10-6.0.62.742-universal.jar C:\Users\Фриз\AppData\Roaming\.minecraft\mods\Jabba-1.2.2_1.7.10.jar C:\Users\Фриз\AppData\Roaming\.minecraft\mods\journeymap-1.7.10-5.1.4p2-unlimited.jar C:\Users\Фриз\AppData\Roaming\.minecraft\mods\logisticspipes-0.9.3.132.jar C:\Users\Фриз\AppData\Roaming\.minecraft\mods\magicbees-1.7.10-2.4.3.jar C:\Users\Фриз\AppData\Roaming\.minecraft\mods\Mantle-1.7.10-0.3.2b.jar C:\Users\Фриз\AppData\Roaming\.minecraft\mods\mcjtylib-1.8.1.jar C:\Users\Фриз\AppData\Roaming\.minecraft\mods\MineFactoryReloaded-[1.7.10]2.8.1-174.jar C:\Users\Фриз\AppData\Roaming\.minecraft\mods\ModTweaker2-0.9.6.jar C:\Users\Фриз\AppData\Roaming\.minecraft\mods\Morpheus-1.7.10-1.6.21.jar C:\Users\Фриз\AppData\Roaming\.minecraft\mods\mystcraft-1.7.10-0.12.3.04.jar C:\Users\Фриз\AppData\Roaming\.minecraft\mods\natura-1.7.10-2.2.0.1.jar C:\Users\Фриз\AppData\Roaming\.minecraft\mods\neiaddons-1.12.14.40-mc1.7.10.jar C:\Users\Фриз\AppData\Roaming\.minecraft\mods\NEIIntegration-MC1.7.10-1.1.2.jar C:\Users\Фриз\AppData\Roaming\.minecraft\mods\NetherOres-[1.7.10]2.3.1-22.jar C:\Users\Фриз\AppData\Roaming\.minecraft\mods\NotEnoughItems-1.7.10-1.0.5.120-universal.jar C:\Users\Фриз\AppData\Roaming\.minecraft\mods\NotEnoughResources-1.7.10-0.1.0-122.jar C:\Users\Фриз\AppData\Roaming\.minecraft\mods\OpenBlocks-1.7.10-1.6.jar C:\Users\Фриз\AppData\Roaming\.minecraft\mods\OpenComputers_MC1.7.10_1.7.5.1290_universal.jar C:\Users\Фриз\AppData\Roaming\.minecraft\mods\OpenModsLib-1.7.10-0.10.jar C:\Users\Фриз\AppData\Roaming\.minecraft\mods\OpenPeripheralAddons-1.7.10-0.6.jar C:\Users\Фриз\AppData\Roaming\.minecraft\mods\OpenPeripheralCore-1.7.10-1.4.jar C:\Users\Фриз\AppData\Roaming\.minecraft\mods\OpenPeripheralIntegration-1.7.10-0.6.jar C:\Users\Фриз\AppData\Roaming\.minecraft\mods\Pam's HarvestCraft 1.7.10Lb.jar C:\Users\Фриз\AppData\Roaming\.minecraft\mods\Patcher.jar C:\Users\Фриз\AppData\Roaming\.minecraft\mods\PortalGun-4.0.0-beta-6.jar C:\Users\Фриз\AppData\Roaming\.minecraft\mods\PortalGunSounds.pak C:\Users\Фриз\AppData\Roaming\.minecraft\mods\ProjectRed-1.7.10-4.7.0pre12.95-Base.jar C:\Users\Фриз\AppData\Roaming\.minecraft\mods\ProjectRed-1.7.10-4.7.0pre12.95-Compat.jar C:\Users\Фриз\AppData\Roaming\.minecraft\mods\ProjectRed-1.7.10-4.7.0pre12.95-Integration.jar C:\Users\Фриз\AppData\Roaming\.minecraft\mods\ProjectRed-1.7.10-4.7.0pre12.95-Lighting.jar C:\Users\Фриз\AppData\Roaming\.minecraft\mods\ProjectRed-1.7.10-4.7.0pre12.95-Mechanical.jar C:\Users\Фриз\AppData\Roaming\.minecraft\mods\ProjectRed-1.7.10-4.7.0pre12.95-World.jar C:\Users\Фриз\AppData\Roaming\.minecraft\mods\Railcraft_1.7.10-9.12.2.0.jar C:\Users\Фриз\AppData\Roaming\.minecraft\mods\RedstoneArsenal-[1.7.10]1.1.2-92.jar C:\Users\Фриз\AppData\Roaming\.minecraft\mods\rftools-4.23.jar C:\Users\Фриз\AppData\Roaming\.minecraft\mods\RunicDungeons-1.1.7b.jar C:\Users\Фриз\AppData\Roaming\.minecraft\mods\SimplyJetpacks-MC1.7.10-1.5.3.jar C:\Users\Фриз\AppData\Roaming\.minecraft\mods\SolarExpansion-Basic-1.6a.jar C:\Users\Фриз\AppData\Roaming\.minecraft\mods\Springboards-1.7.10-0.1.jar C:\Users\Фриз\AppData\Roaming\.minecraft\mods\StevesAddons-1.7.10-0.10.16.jar C:\Users\Фриз\AppData\Roaming\.minecraft\mods\StevesCarts2.0.0.b18.jar C:\Users\Фриз\AppData\Roaming\.minecraft\mods\StevesFactoryManagerA93.jar C:\Users\Фриз\AppData\Roaming\.minecraft\mods\StevesWorkshop-0.5.1.jar C:\Users\Фриз\AppData\Roaming\.minecraft\mods\StorageDrawers-1.7.10-1.10.8.jar C:\Users\Фриз\AppData\Roaming\.minecraft\mods\StorageDrawers-BiomesOPlenty-1.7.10-1.1.1.jar C:\Users\Фриз\AppData\Roaming\.minecraft\mods\StorageDrawers-Forestry-1.7.10-1.1.2.jar C:\Users\Фриз\AppData\Roaming\.minecraft\mods\StorageDrawers-Misc-1.7.10-1.1.2.jar C:\Users\Фриз\AppData\Roaming\.minecraft\mods\StorageDrawers-Natura-1.7.10-1.1.1.jar C:\Users\Фриз\AppData\Roaming\.minecraft\mods\tcinventoryscan-mc1.7.10-1.0.11.jar C:\Users\Фриз\AppData\Roaming\.minecraft\mods\TConstruct-1.7.10-1.8.8.jar C:\Users\Фриз\AppData\Roaming\.minecraft\mods\Thaumcraft-1.7.10-4.2.3.5.jar C:\Users\Фриз\AppData\Roaming\.minecraft\mods\thaumcraftneiplugin-1.7.10-1.7a.jar C:\Users\Фриз\AppData\Roaming\.minecraft\mods\thaumicenergistics-1.0.0.5.jar C:\Users\Фриз\AppData\Roaming\.minecraft\mods\ThaumicExploration-1.7.10-1.1-53.jar C:\Users\Фриз\AppData\Roaming\.minecraft\mods\ThaumicTinkerer-2.5-1.7.10-512.jar C:\Users\Фриз\AppData\Roaming\.minecraft\mods\ThermalDynamics-[1.7.10]1.2.1-172.jar C:\Users\Фриз\AppData\Roaming\.minecraft\mods\ThermalExpansion-[1.7.10]4.1.5-248.jar C:\Users\Фриз\AppData\Roaming\.minecraft\mods\ThermalFoundation-[1.7.10]1.2.6-118.jar C:\Users\Фриз\AppData\Roaming\.minecraft\mods\TiCTooltips-mc1.7.10-1.2.5.jar C:\Users\Фриз\AppData\Roaming\.minecraft\mods\TMechworks-1.7.10-0.2.15.106.jar C:\Users\Фриз\AppData\Roaming\.minecraft\mods\Translocator-1.7.10-1.1.2.16-universal.jar C:\Users\Фриз\AppData\Roaming\.minecraft\mods\twilightforest-1.7.10-2.3.7.jar C:\Users\Фриз\AppData\Roaming\.minecraft\mods\Waila-1.5.10_1.7.10.jar C:\Users\Фриз\AppData\Roaming\.minecraft\mods\WailaHarvestability-mc1.7.10-1.1.6.jar C:\Users\Фриз\AppData\Roaming\.minecraft\mods\Wawla-1.0.5.120.jar C:\Users\Фриз\AppData\Roaming\.minecraft\mods\witchery-1.7.10-0.24.1.jar C:\Users\Фриз\AppData\Roaming\.minecraft\mods\WR-CBE-1.7.10-1.4.1.9-universal.jar
[TLauncherManager] written:  []
[TLauncherManager] after clearLibrary C:\Users\Фриз\AppData\Roaming\.minecraft\mods\AdvancedSolarPanel-1.7.10-3.5.1.jar C:\Users\Фриз\AppData\Roaming\.minecraft\mods\AgriCraft-1.7.10-1.5.0.jar C:\Users\Фриз\AppData\Roaming\.minecraft\mods\AOBD-2.9.2.jar C:\Users\Фриз\AppData\Roaming\.minecraft\mods\appliedenergistics2-rv3-beta-6.jar C:\Users\Фриз\AppData\Roaming\.minecraft\mods\Aroma1997Core-1.7.10-1.0.2.16.jar C:\Users\Фриз\AppData\Roaming\.minecraft\mods\Aroma1997s-Dimensional-World-1.7.10-1.1.0.1.jar C:\Users\Фриз\AppData\Roaming\.minecraft\mods\Avaritia-1.11.jar C:\Users\Фриз\AppData\Roaming\.minecraft\mods\bdlib-1.9.4.109-mc1.7.10.jar C:\Users\Фриз\AppData\Roaming\.minecraft\mods\BetterFps_1.0.1.jar C:\Users\Фриз\AppData\Roaming\.minecraft\mods\BiblioCraft[v1.11.7][MC1.7.10].jar C:\Users\Фриз\AppData\Roaming\.minecraft\mods\BiblioWoods[BiomesOPlenty][v1.9].jar C:\Users\Фриз\AppData\Roaming\.minecraft\mods\BiblioWoods[Forestry][v1.7].jar C:\Users\Фриз\AppData\Roaming\.minecraft\mods\BiblioWoods[Natura][v1.5].jar C:\Users\Фриз\AppData\Roaming\.minecraft\mods\BigReactors-0.4.3A.jar C:\Users\Фриз\AppData\Roaming\.minecraft\mods\Binnie Patcher 1.8.jar C:\Users\Фриз\AppData\Roaming\.minecraft\mods\binnie-mods-2.0-pre14.jar C:\Users\Фриз\AppData\Roaming\.minecraft\mods\BiomesOPlenty-1.7.10-2.1.0.1889-universal.jar C:\Users\Фриз\AppData\Roaming\.minecraft\mods\BloodMagic-1.7.10-1.3.3-17.jar C:\Users\Фриз\AppData\Roaming\.minecraft\mods\Botania r1.8-249.jar C:\Users\Фриз\AppData\Roaming\.minecraft\mods\BrandonsCore-1.0.0.12.jar C:\Users\Фриз\AppData\Roaming\.minecraft\mods\buildcraft-7.1.22.jar C:\Users\Фриз\AppData\Roaming\.minecraft\mods\buildcraft-compat-7.1.5.jar C:\Users\Фриз\AppData\Roaming\.minecraft\mods\Carpenter's Blocks v3.3.8.1 - MC 1.7.10.jar C:\Users\Фриз\AppData\Roaming\.minecraft\mods\Chisel-2.9.5.11.jar C:\Users\Фриз\AppData\Roaming\.minecraft\mods\CodeChickenCore-1.7.10-1.0.7.47-universal.jar C:\Users\Фриз\AppData\Roaming\.minecraft\mods\CoFHCore-[1.7.10]3.1.4-329.jar C:\Users\Фриз\AppData\Roaming\.minecraft\mods\CoFHLib-[1.7.10]1.2.1-185.jar C:\Users\Фриз\AppData\Roaming\.minecraft\mods\ComputerCraft1.75_mc1.7.10.jar C:\Users\Фриз\AppData\Roaming\.minecraft\mods\CraftTweaker-1.7.10-3.0.13.jar C:\Users\Фриз\AppData\Roaming\.minecraft\mods\creeperhost-1.7.10-1.1.0.jar C:\Users\Фриз\AppData\Roaming\.minecraft\mods\denseores-1.6.2.jar C:\Users\Фриз\AppData\Roaming\.minecraft\mods\Draconic-Evolution-1.7.10-1.0.2h.jar C:\Users\Фриз\AppData\Roaming\.minecraft\mods\DragonsRadioMod_MC1.7.10_1.6.2.jar C:\Users\Фриз\AppData\Roaming\.minecraft\mods\EnderCore-1.7.10-0.2.0.39_beta.jar C:\Users\Фриз\AppData\Roaming\.minecraft\mods\EnderIO-1.7.10-2.3.0.429_beta.jar C:\Users\Фриз\AppData\Roaming\.minecraft\mods\EnderStorage-1.7.10-1.4.7.37-universal.jar C:\Users\Фриз\AppData\Roaming\.minecraft\mods\EnderTech-1.7.10-0.3.2.405.jar C:\Users\Фриз\AppData\Roaming\.minecraft\mods\EnderZoo-1.7.10-1.0.15.32.jar C:\Users\Фриз\AppData\Roaming\.minecraft\mods\ExtraCells-1.7.10-2.3.14b197.jar C:\Users\Фриз\AppData\Roaming\.minecraft\mods\ExtraTiC-1.7.10-1.4.6.jar C:\Users\Фриз\AppData\Roaming\.minecraft\mods\extrautilities-1.2.12.jar C:\Users\Фриз\AppData\Roaming\.minecraft\mods\FastLeafDecay-1.7.10-1.4.jar C:\Users\Фриз\AppData\Roaming\.minecraft\mods\Forbidden Magic-1.7.10-0.575.jar C:\Users\Фриз\AppData\Roaming\.minecraft\mods\forestry_1.7.10-4.2.16.64.jar C:\Users\Фриз\AppData\Roaming\.minecraft\mods\FTBLib-1.7.10-1.0.18.3.jar C:\Users\Фриз\AppData\Roaming\.minecraft\mods\FTBTweaks-1.0.2.jar C:\Users\Фриз\AppData\Roaming\.minecraft\mods\FTBUtilities-1.7.10-1.0.18.3.jar C:\Users\Фриз\AppData\Roaming\.minecraft\mods\funky-locomotion-1.7.10-beta-7.jar C:\Users\Фриз\AppData\Roaming\.minecraft\mods\gendustry-1.6.3.132-mc1.7.10.jar C:\Users\Фриз\AppData\Roaming\.minecraft\mods\GraviSuite-1.7.10-2.0.3.jar C:\Users\Фриз\AppData\Roaming\.minecraft\mods\Guide-API-1.7.10-1.0.1-20.jar C:\Users\Фриз\AppData\Roaming\.minecraft\mods\Headcrumbs-1.7.4.jar C:\Users\Фриз\AppData\Roaming\.minecraft\mods\HQM_The_Journey_1.7.10_4.4.4.jar C:\Users\Фриз\AppData\Roaming\.minecraft\mods\IC2NuclearControl-2.4.2a.jar C:\Users\Фриз\AppData\Roaming\.minecraft\mods\iChunUtil-4.2.3.jar C:\Users\Фриз\AppData\Roaming\.minecraft\mods\ImmersiveEngineering-0.7.7.jar C:\Users\Фриз\AppData\Roaming\.minecraft\mods\immersiveintegration-0.6.8.jar C:\Users\Фриз\AppData\Roaming\.minecraft\mods\industrialcraft-2-2.2.827-experimental.jar C:\Users\Фриз\AppData\Roaming\.minecraft\mods\INpureCore-[1.7.10]1.0.0B9-62.jar C:\Users\Фриз\AppData\Roaming\.minecraft\mods\InventoryTweaks-1.59-dev-152.jar C:\Users\Фриз\AppData\Roaming\.minecraft\mods\ironchest-1.7.10-6.0.62.742-universal.jar C:\Users\Фриз\AppData\Roaming\.minecraft\mods\Jabba-1.2.2_1.7.10.jar C:\Users\Фриз\AppData\Roaming\.minecraft\mods\journeymap-1.7.10-5.1.4p2-unlimited.jar C:\Users\Фриз\AppData\Roaming\.minecraft\mods\logisticspipes-0.9.3.132.jar C:\Users\Фриз\AppData\Roaming\.minecraft\mods\magicbees-1.7.10-2.4.3.jar C:\Users\Фриз\AppData\Roaming\.minecraft\mods\Mantle-1.7.10-0.3.2b.jar C:\Users\Фриз\AppData\Roaming\.minecraft\mods\mcjtylib-1.8.1.jar C:\Users\Фриз\AppData\Roaming\.minecraft\mods\MineFactoryReloaded-[1.7.10]2.8.1-174.jar C:\Users\Фриз\AppData\Roaming\.minecraft\mods\ModTweaker2-0.9.6.jar C:\Users\Фриз\AppData\Roaming\.minecraft\mods\Morpheus-1.7.10-1.6.21.jar C:\Users\Фриз\AppData\Roaming\.minecraft\mods\mystcraft-1.7.10-0.12.3.04.jar C:\Users\Фриз\AppData\Roaming\.minecraft\mods\natura-1.7.10-2.2.0.1.jar C:\Users\Фриз\AppData\Roaming\.minecraft\mods\neiaddons-1.12.14.40-mc1.7.10.jar C:\Users\Фриз\AppData\Roaming\.minecraft\mods\NEIIntegration-MC1.7.10-1.1.2.jar C:\Users\Фриз\AppData\Roaming\.minecraft\mods\NetherOres-[1.7.10]2.3.1-22.jar C:\Users\Фриз\AppData\Roaming\.minecraft\mods\NotEnoughItems-1.7.10-1.0.5.120-universal.jar C:\Users\Фриз\AppData\Roaming\.minecraft\mods\NotEnoughResources-1.7.10-0.1.0-122.jar C:\Users\Фриз\AppData\Roaming\.minecraft\mods\OpenBlocks-1.7.10-1.6.jar C:\Users\Фриз\AppData\Roaming\.minecraft\mods\OpenComputers_MC1.7.10_1.7.5.1290_universal.jar C:\Users\Фриз\AppData\Roaming\.minecraft\mods\OpenModsLib-1.7.10-0.10.jar C:\Users\Фриз\AppData\Roaming\.minecraft\mods\OpenPeripheralAddons-1.7.10-0.6.jar C:\Users\Фриз\AppData\Roaming\.minecraft\mods\OpenPeripheralCore-1.7.10-1.4.jar C:\Users\Фриз\AppData\Roaming\.minecraft\mods\OpenPeripheralIntegration-1.7.10-0.6.jar C:\Users\Фриз\AppData\Roaming\.minecraft\mods\Pam's HarvestCraft 1.7.10Lb.jar C:\Users\Фриз\AppData\Roaming\.minecraft\mods\Patcher.jar C:\Users\Фриз\AppData\Roaming\.minecraft\mods\PortalGun-4.0.0-beta-6.jar C:\Users\Фриз\AppData\Roaming\.minecraft\mods\PortalGunSounds.pak C:\Users\Фриз\AppData\Roaming\.minecraft\mods\ProjectRed-1.7.10-4.7.0pre12.95-Base.jar C:\Users\Фриз\AppData\Roaming\.minecraft\mods\ProjectRed-1.7.10-4.7.0pre12.95-Compat.jar C:\Users\Фриз\AppData\Roaming\.minecraft\mods\ProjectRed-1.7.10-4.7.0pre12.95-Integration.jar C:\Users\Фриз\AppData\Roaming\.minecraft\mods\ProjectRed-1.7.10-4.7.0pre12.95-Lighting.jar C:\Users\Фриз\AppData\Roaming\.minecraft\mods\ProjectRed-1.7.10-4.7.0pre12.95-Mechanical.jar C:\Users\Фриз\AppData\Roaming\.minecraft\mods\ProjectRed-1.7.10-4.7.0pre12.95-World.jar C:\Users\Фриз\AppData\Roaming\.minecraft\mods\Railcraft_1.7.10-9.12.2.0.jar C:\Users\Фриз\AppData\Roaming\.minecraft\mods\RedstoneArsenal-[1.7.10]1.1.2-92.jar C:\Users\Фриз\AppData\Roaming\.minecraft\mods\rftools-4.23.jar C:\Users\Фриз\AppData\Roaming\.minecraft\mods\RunicDungeons-1.1.7b.jar C:\Users\Фриз\AppData\Roaming\.minecraft\mods\SimplyJetpacks-MC1.7.10-1.5.3.jar C:\Users\Фриз\AppData\Roaming\.minecraft\mods\SolarExpansion-Basic-1.6a.jar C:\Users\Фриз\AppData\Roaming\.minecraft\mods\Springboards-1.7.10-0.1.jar C:\Users\Фриз\AppData\Roaming\.minecraft\mods\StevesAddons-1.7.10-0.10.16.jar C:\Users\Фриз\AppData\Roaming\.minecraft\mods\StevesCarts2.0.0.b18.jar C:\Users\Фриз\AppData\Roaming\.minecraft\mods\StevesFactoryManagerA93.jar C:\Users\Фриз\AppData\Roaming\.minecraft\mods\StevesWorkshop-0.5.1.jar C:\Users\Фриз\AppData\Roaming\.minecraft\mods\StorageDrawers-1.7.10-1.10.8.jar C:\Users\Фриз\AppData\Roaming\.minecraft\mods\StorageDrawers-BiomesOPlenty-1.7.10-1.1.1.jar C:\Users\Фриз\AppData\Roaming\.minecraft\mods\StorageDrawers-Forestry-1.7.10-1.1.2.jar C:\Users\Фриз\AppData\Roaming\.minecraft\mods\StorageDrawers-Misc-1.7.10-1.1.2.jar C:\Users\Фриз\AppData\Roaming\.minecraft\mods\StorageDrawers-Natura-1.7.10-1.1.1.jar C:\Users\Фриз\AppData\Roaming\.minecraft\mods\tcinventoryscan-mc1.7.10-1.0.11.jar C:\Users\Фриз\AppData\Roaming\.minecraft\mods\TConstruct-1.7.10-1.8.8.jar C:\Users\Фриз\AppData\Roaming\.minecraft\mods\Thaumcraft-1.7.10-4.2.3.5.jar C:\Users\Фриз\AppData\Roaming\.minecraft\mods\thaumcraftneiplugin-1.7.10-1.7a.jar C:\Users\Фриз\AppData\Roaming\.minecraft\mods\thaumicenergistics-1.0.0.5.jar C:\Users\Фриз\AppData\Roaming\.minecraft\mods\ThaumicExploration-1.7.10-1.1-53.jar C:\Users\Фриз\AppData\Roaming\.minecraft\mods\ThaumicTinkerer-2.5-1.7.10-512.jar C:\Users\Фриз\AppData\Roaming\.minecraft\mods\ThermalDynamics-[1.7.10]1.2.1-172.jar C:\Users\Фриз\AppData\Roaming\.minecraft\mods\ThermalExpansion-[1.7.10]4.1.5-248.jar C:\Users\Фриз\AppData\Roaming\.minecraft\mods\ThermalFoundation-[1.7.10]1.2.6-118.jar C:\Users\Фриз\AppData\Roaming\.minecraft\mods\TiCTooltips-mc1.7.10-1.2.5.jar C:\Users\Фриз\AppData\Roaming\.minecraft\mods\TMechworks-1.7.10-0.2.15.106.jar C:\Users\Фриз\AppData\Roaming\.minecraft\mods\Translocator-1.7.10-1.1.2.16-universal.jar C:\Users\Фриз\AppData\Roaming\.minecraft\mods\twilightforest-1.7.10-2.3.7.jar C:\Users\Фриз\AppData\Roaming\.minecraft\mods\Waila-1.5.10_1.7.10.jar C:\Users\Фриз\AppData\Roaming\.minecraft\mods\WailaHarvestability-mc1.7.10-1.1.6.jar C:\Users\Фриз\AppData\Roaming\.minecraft\mods\Wawla-1.0.5.120.jar C:\Users\Фриз\AppData\Roaming\.minecraft\mods\witchery-1.7.10-0.24.1.jar C:\Users\Фриз\AppData\Roaming\.minecraft\mods\WR-CBE-1.7.10-1.4.1.9-universal.jar
[Launcher] Force update: false
[Launcher] Selected version: 1.7.10-Forge10.13.4.1614-1.7.10
[Launcher] Selected account: Account{displayName=freeze2222, userid=freeze2222, uuid=f327aa2d585342aa888e1379e2bbf860, username=freeze2222}
[Version:1.7.10-Forge10.13.4.1614-1.7.10] Resolving...
[Version:1.7.10-Forge10.13.4.1614-1.7.10] Inherits from 1.7.10
[Launcher] Version sync info: VersionSyncInfo{id='1.7.10-Forge10.13.4.1614-1.7.10',
local=CompleteVersion{id='1.7.10-Forge10.13.4.1614-1.7.10', time=Thu Dec 10 08:05:37 MSK 2015, release=Wed May 14 21:29:23 MSK 2014, type=release, class=net.minecraft.launchwrapper.Launch, minimumVersion=14, assets='1.7.10', source=LOCAL_VERSION_REPO, list=net.minecraft.launcher.updater.LocalVersionList@139eb6dd, libraries=[Library{name='net.minecraftforge:forge:1.7.10-10.13.4.1614-1.7.10', rules=null, natives=null, extract=null, packed='null'}, Library{name='net.minecraft:launchwrapper:1.12', rules=null, natives=null, extract=null, packed='null'}, Library{name='org.ow2.asm:asm-all:5.0.3', rules=null, natives=null, extract=null, packed='null'}, Library{name='com.typesafe.akka:akka-actor_2.11:2.3.3', rules=null, natives=null, extract=null, packed='null'}, Library{name='com.typesafe:config:1.2.1', rules=null, natives=null, extract=null, packed='null'}, Library{name='org.scala-lang:scala-actors-migration_2.11:1.1.0', rules=null, natives=null, extract=null, packed='null'}, Library{name='org.scala-lang:scala-compiler:2.11.1', rules=null, natives=null, extract=null, packed='null'}, Library{name='org.scala-lang.plugins:scala-continuations-library_2.11:1.0.2', rules=null, natives=null, extract=null, packed='null'}, Library{name='org.scala-lang.plugins:scala-continuations-plugin_2.11.1:1.0.2', rules=null, natives=null, extract=null, packed='null'}, Library{name='org.scala-lang:scala-library:2.11.1', rules=null, natives=null, extract=null, packed='null'}, Library{name='org.scala-lang:scala-parser-combinators_2.11:1.0.1', rules=null, natives=null, extract=null, packed='null'}, Library{name='org.scala-lang:scala-reflect:2.11.1', rules=null, natives=null, extract=null, packed='null'}, Library{name='org.scala-lang:scala-swing_2.11:1.0.1', rules=null, natives=null, extract=null, packed='null'}, Library{name='org.scala-lang:scala-xml_2.11:1.0.2', rules=null, natives=null, extract=null, packed='null'}, Library{name='lzma:lzma:0.0.1', rules=null, natives=null, extract=null, packed='null'}, Library{name='net.sf.jopt-simple:jopt-simple:4.5', rules=null, natives=null, extract=null, packed='null'}, Library{name='com.google.guava:guava:17.0', rules=null, natives=null, extract=null, packed='null'}, Library{name='org.apache.commons:commons-lang3:3.3.2', rules=null, natives=null, extract=null, packed='null'}, Library{name='com.mojang:netty:1.8.8', rules=null, natives=null, extract=null, packed='null'}, Library{name='com.mojang:realms:1.3.5', rules=null, natives=null, extract=null, packed='null'}, Library{name='org.apache.commons:commons-compress:1.8.1', rules=null, natives=null, extract=null, packed='null'}, Library{name='org.apache.httpcomponents:httpclient:4.3.3', rules=null, natives=null, extract=null, packed='null'}, Library{name='commons-logging:commons-logging:1.1.3', rules=null, natives=null, extract=null, packed='null'}, Library{name='org.apache.httpcomponents:httpcore:4.3.2', rules=null, natives=null, extract=null, packed='null'}, Library{name='java3d:vecmath:1.3.1', rules=null, natives=null, extract=null, packed='null'}, Library{name='net.sf.trove4j:trove4j:3.0.3', rules=null, natives=null, extract=null, packed='null'}, Library{name='com.ibm.icu:icu4j-core-mojang:51.2', rules=null, natives=null, extract=null, packed='null'}, Library{name='net.sf.jopt-simple:jopt-simple:4.5', rules=null, natives=null, extract=null, packed='null'}, Library{name='com.paulscode:codecjorbis:20101023', rules=null, natives=null, extract=null, packed='null'}, Library{name='com.paulscode:codecwav:20101023', rules=null, natives=null, extract=null, packed='null'}, Library{name='com.paulscode:libraryjavasound:20101123', rules=null, natives=null, extract=null, packed='null'}, Library{name='com.paulscode:librarylwjglopenal:20100824', rules=null, natives=null, extract=null, packed='null'}, Library{name='com.paulscode:soundsystem:20120107', rules=null, natives=null, extract=null, packed='null'}, Library{name='io.netty:netty-all:4.0.10.Final', rules=null, natives=null, extract=null, packed='null'}, Library{name='com.google.guava:guava:15.0', rules=null, natives=null, extract=null, packed='null'}, Library{name='org.apache.commons:commons-lang3:3.1', rules=null, natives=null, extract=null, packed='null'}, Library{name='commons-io:commons-io:2.4', rules=null, natives=null, extract=null, packed='null'}, Library{name='commons-codec:commons-codec:1.9', rules=null, natives=null, extract=null, packed='null'}, Library{name='net.java.jinput:jinput:2.0.5', rules=null, natives=null, extract=null, packed='null'}, Library{name='net.java.jutils:jutils:1.0.0', rules=null, natives=null, extract=null, packed='null'}, Library{name='com.google.code.gson:gson:2.2.4', rules=null, natives=null, extract=null, packed='null'}, Library{name='com.mojang:authlib:1.5.21', rules=null, natives=null, extract=null, packed='null'}, Library{name='org.apache.logging.log4j:log4j-api:2.0-beta9', rules=null, natives=null, extract=null, packed='null'}, Library{name='org.apache.logging.log4j:log4j-core:2.0-beta9', rules=null, natives=null, extract=null, packed='null'}, Library{name='org.lwjgl.lwjgl:lwjgl:2.9.1', rules=null, natives=null, extract=null, packed='null'}, Library{name='org.lwjgl.lwjgl:lwjgl_util:2.9.1', rules=null, natives=null, extract=null, packed='null'}, Library{name='org.lwjgl.lwjgl:lwjgl-platform:2.9.1', rules=null, natives={LINUX=natives-linux, OSX=natives-osx, WINDOWS=natives-windows}, extract=net.minecraft.launcher.versions.ExtractRules@4ea61319, packed='null'}, Library{name='net.java.jinput:jinput-platform:2.0.5', rules=null, natives={LINUX=natives-linux, OSX=natives-osx, WINDOWS=natives-windows}, extract=net.minecraft.launcher.versions.ExtractRules@10973143, packed='null'}, Library{name='tv.twitch:twitch:5.16', rules=null, natives=null, extract=null, packed='null'}, Library{name='tv.twitch:twitch-platform:5.16', rules=[Rule{action=ALLOW, os=null, features=null}, Rule{action=DISALLOW, os=OSRestriction{name=LINUX, version='null'}, features=null}], natives={LINUX=natives-linux, OSX=natives-osx, WINDOWS=natives-windows-${arch}}, extract=net.minecraft.launcher.versions.ExtractRules@36d1d37a, packed='null'}, Library{name='tv.twitch:twitch-external-platform:4.5', rules=[Rule{action=ALLOW, os=OSRestriction{name=WINDOWS, version='null'}, features=null}], natives={WINDOWS=natives-windows-${arch}}, extract=net.minecraft.launcher.versions.ExtractRules@743ff6c9, packed='null'}]},
remote=null, isInstalled=true, hasRemote=false, isUpToDate=true}
[GsonUtil]  request to https://res.tlauncher.org/b/jvm/java_configuration.json
[Launcher] Checking conditions...
[Launcher] shaderpacks:seus-renewed-shaders-all-versions-standard.zip
[Launcher] resourcepacks:Vividity,Vividity-rsp-1.12.X-1.0.0.zip
[Launcher] Comparing assets...
[AssetsManager] Checking resources...
[AssetsManager] Reading indexes from file C:\Users\Фриз\AppData\Roaming\.minecraft\assets\indexes\1.7.10.json
[AssetsManager] Fast comparing: true
[Launcher] finished comparing assets: 32 ms.
[TLauncherManager] add required libraries: 1.7.10-Forge10.13.4.1614-1.7.10
[VersionManager] Required for version 1.7.10-Forge10.13.4.1614-1.7.10: []
[TLauncherManager] add required libraries: 1.7.10-Forge10.13.4.1614-1.7.10
[REPO][EMPTY] Attempt #1; timeout: 20000 ms; url: 
[REPO][EMPTY] Success: Reached the repo in 59 ms.
Minecraft requires java version: 8, java path: C:\Users\Фриз\AppData\Roaming\.minecraft\runtime\jre-legacy\windows\jre-legacy\bin\javaw.exe
[Launcher] Unpacking natives...
[Launcher] Constructing process...
[Launcher] Constructing classpath...
backup world is active: true
[Launcher] Getting Minecraft arguments...
[Launcher] Full command: C:\Users\Фриз\AppData\Roaming\.minecraft\runtime\jre-legacy\windows\jre-legacy\bin\javaw.exe -Dos.name=Windows 10 -Dos.version=10.0 -Djava.library.path=C:\Users\Фриз\AppData\Roaming\.minecraft\versions\1.7.10-Forge10.13.4.1614-1.7.10\natives -cp C:\Users\Фриз\AppData\Roaming\.minecraft\libraries\net\minecraftforge\forge\1.7.10-10.13.4.1614-1.7.10\forge-1.7.10-10.13.4.1614-1.7.10.jar;C:\Users\Фриз\AppData\Roaming\.minecraft\libraries\net\minecraft\launchwrapper\1.12\launchwrapper-1.12.jar;C:\Users\Фриз\AppData\Roaming\.minecraft\libraries\org\ow2\asm\asm-all\5.0.3\asm-all-5.0.3.jar;C:\Users\Фриз\AppData\Roaming\.minecraft\libraries\com\typesafe\akka\akka-actor_2.11\2.3.3\akka-actor_2.11-2.3.3.jar;C:\Users\Фриз\AppData\Roaming\.minecraft\libraries\com\typesafe\config\1.2.1\config-1.2.1.jar;C:\Users\Фриз\AppData\Roaming\.minecraft\libraries\org\scala-lang\scala-actors-migration_2.11\1.1.0\scala-actors-migration_2.11-1.1.0.jar;C:\Users\Фриз\AppData\Roaming\.minecraft\libraries\org\scala-lang\scala-compiler\2.11.1\scala-compiler-2.11.1.jar;C:\Users\Фриз\AppData\Roaming\.minecraft\libraries\org\scala-lang\plugins\scala-continuations-library_2.11\1.0.2\scala-continuations-library_2.11-1.0.2.jar;C:\Users\Фриз\AppData\Roaming\.minecraft\libraries\org\scala-lang\plugins\scala-continuations-plugin_2.11.1\1.0.2\scala-continuations-plugin_2.11.1-1.0.2.jar;C:\Users\Фриз\AppData\Roaming\.minecraft\libraries\org\scala-lang\scala-library\2.11.1\scala-library-2.11.1.jar;C:\Users\Фриз\AppData\Roaming\.minecraft\libraries\org\scala-lang\scala-parser-combinators_2.11\1.0.1\scala-parser-combinators_2.11-1.0.1.jar;C:\Users\Фриз\AppData\Roaming\.minecraft\libraries\org\scala-lang\scala-reflect\2.11.1\scala-reflect-2.11.1.jar;C:\Users\Фриз\AppData\Roaming\.minecraft\libraries\org\scala-lang\scala-swing_2.11\1.0.1\scala-swing_2.11-1.0.1.jar;C:\Users\Фриз\AppData\Roaming\.minecraft\libraries\org\scala-lang\scala-xml_2.11\1.0.2\scala-xml_2.11-1.0.2.jar;C:\Users\Фриз\AppData\Roaming\.minecraft\libraries\lzma\lzma\0.0.1\lzma-0.0.1.jar;C:\Users\Фриз\AppData\Roaming\.minecraft\libraries\net\sf\jopt-simple\jopt-simple\4.5\jopt-simple-4.5.jar;C:\Users\Фриз\AppData\Roaming\.minecraft\libraries\com\google\guava\guava\17.0\guava-17.0.jar;C:\Users\Фриз\AppData\Roaming\.minecraft\libraries\org\apache\commons\commons-lang3\3.3.2\commons-lang3-3.3.2.jar;C:\Users\Фриз\AppData\Roaming\.minecraft\libraries\com\mojang\netty\1.8.8\netty-1.8.8.jar;C:\Users\Фриз\AppData\Roaming\.minecraft\libraries\com\mojang\realms\1.3.5\realms-1.3.5.jar;C:\Users\Фриз\AppData\Roaming\.minecraft\libraries\org\apache\commons\commons-compress\1.8.1\commons-compress-1.8.1.jar;C:\Users\Фриз\AppData\Roaming\.minecraft\libraries\org\apache\httpcomponents\httpclient\4.3.3\httpclient-4.3.3.jar;C:\Users\Фриз\AppData\Roaming\.minecraft\libraries\commons-logging\commons-logging\1.1.3\commons-logging-1.1.3.jar;C:\Users\Фриз\AppData\Roaming\.minecraft\libraries\org\apache\httpcomponents\httpcore\4.3.2\httpcore-4.3.2.jar;C:\Users\Фриз\AppData\Roaming\.minecraft\libraries\java3d\vecmath\1.3.1\vecmath-1.3.1.jar;C:\Users\Фриз\AppData\Roaming\.minecraft\libraries\net\sf\trove4j\trove4j\3.0.3\trove4j-3.0.3.jar;C:\Users\Фриз\AppData\Roaming\.minecraft\libraries\com\ibm\icu\icu4j-core-mojang\51.2\icu4j-core-mojang-51.2.jar;C:\Users\Фриз\AppData\Roaming\.minecraft\libraries\net\sf\jopt-simple\jopt-simple\4.5\jopt-simple-4.5.jar;C:\Users\Фриз\AppData\Roaming\.minecraft\libraries\com\paulscode\codecjorbis\20101023\codecjorbis-20101023.jar;C:\Users\Фриз\AppData\Roaming\.minecraft\libraries\com\paulscode\codecwav\20101023\codecwav-20101023.jar;C:\Users\Фриз\AppData\Roaming\.minecraft\libraries\com\paulscode\libraryjavasound\20101123\libraryjavasound-20101123.jar;C:\Users\Фриз\AppData\Roaming\.minecraft\libraries\com\paulscode\librarylwjglopenal\20100824\librarylwjglopenal-20100824.jar;C:\Users\Фриз\AppData\Roaming\.minecraft\libraries\com\paulscode\soundsystem\20120107\soundsystem-20120107.jar;C:\Users\Фриз\AppData\Roaming\.minecraft\libraries\io\netty\netty-all\4.0.10.Final\netty-all-4.0.10.Final.jar;C:\Users\Фриз\AppData\Roaming\.minecraft\libraries\com\google\guava\guava\15.0\guava-15.0.jar;C:\Users\Фриз\AppData\Roaming\.minecraft\libraries\org\apache\commons\commons-lang3\3.1\commons-lang3-3.1.jar;C:\Users\Фриз\AppData\Roaming\.minecraft\libraries\commons-io\commons-io\2.4\commons-io-2.4.jar;C:\Users\Фриз\AppData\Roaming\.minecraft\libraries\commons-codec\commons-codec\1.9\commons-codec-1.9.jar;C:\Users\Фриз\AppData\Roaming\.minecraft\libraries\net\java\jinput\jinput\2.0.5\jinput-2.0.5.jar;C:\Users\Фриз\AppData\Roaming\.minecraft\libraries\net\java\jutils\jutils\1.0.0\jutils-1.0.0.jar;C:\Users\Фриз\AppData\Roaming\.minecraft\libraries\com\google\code\gson\gson\2.2.4\gson-2.2.4.jar;C:\Users\Фриз\AppData\Roaming\.minecraft\libraries\com\mojang\authlib\1.5.21\authlib-1.5.21.jar;C:\Users\Фриз\AppData\Roaming\.minecraft\libraries\org\apache\logging\log4j\log4j-api\2.0-beta9\log4j-api-2.0-beta9.jar;C:\Users\Фриз\AppData\Roaming\.minecraft\libraries\org\apache\logging\log4j\log4j-core\2.0-beta9\log4j-core-2.0-beta9.jar;C:\Users\Фриз\AppData\Roaming\.minecraft\libraries\org\lwjgl\lwjgl\lwjgl\2.9.1\lwjgl-2.9.1.jar;C:\Users\Фриз\AppData\Roaming\.minecraft\libraries\org\lwjgl\lwjgl\lwjgl_util\2.9.1\lwjgl_util-2.9.1.jar;C:\Users\Фриз\AppData\Roaming\.minecraft\libraries\tv\twitch\twitch\5.16\twitch-5.16.jar;C:\Users\Фриз\AppData\Roaming\.minecraft\versions\1.7.10-Forge10.13.4.1614-1.7.10\1.7.10-Forge10.13.4.1614-1.7.10.jar -Xmn128M -Xmx10004M -XX:+UnlockExperimentalVMOptions -XX:+UseG1GC -XX:G1NewSizePercent=20 -XX:G1ReservePercent=20 -XX:MaxGCPauseMillis=50 -XX:G1HeapRegionSize=32M -Dfml.ignoreInvalidMinecraftCertificates=true -Dfml.ignorePatchDiscrepancies=true -Djava.net.preferIPv4Stack=true -Dminecraft.applet.TargetDirectory=C:\Users\Фриз\AppData\Roaming\.minecraft -Dlog4j.configurationFile=C:\Users\Фриз\AppData\Roaming\.minecraft\assets\log_configs\client-1.7.xml net.minecraft.launchwrapper.Launch --username freeze2222 --version 1.7.10-Forge10.13.4.1614-1.7.10 --gameDir C:\Users\Фриз\AppData\Roaming\.minecraft --assetsDir C:\Users\Фриз\AppData\Roaming\.minecraft\assets --assetIndex 1.7.10 --uuid f327aa2d585342aa888e1379e2bbf860 --accessToken null --userProperties {} --userType mojang --tweakClass cpw.mods.fml.common.launcher.FMLTweaker --width 925 --height 530
[Launcher] Launching Minecraft...
[TLauncherManager] mods after C:\Users\Фриз\AppData\Roaming\.minecraft\mods\AdvancedSolarPanel-1.7.10-3.5.1.jar C:\Users\Фриз\AppData\Roaming\.minecraft\mods\AgriCraft-1.7.10-1.5.0.jar C:\Users\Фриз\AppData\Roaming\.minecraft\mods\AOBD-2.9.2.jar C:\Users\Фриз\AppData\Roaming\.minecraft\mods\appliedenergistics2-rv3-beta-6.jar C:\Users\Фриз\AppData\Roaming\.minecraft\mods\Aroma1997Core-1.7.10-1.0.2.16.jar C:\Users\Фриз\AppData\Roaming\.minecraft\mods\Aroma1997s-Dimensional-World-1.7.10-1.1.0.1.jar C:\Users\Фриз\AppData\Roaming\.minecraft\mods\Avaritia-1.11.jar C:\Users\Фриз\AppData\Roaming\.minecraft\mods\bdlib-1.9.4.109-mc1.7.10.jar C:\Users\Фриз\AppData\Roaming\.minecraft\mods\BetterFps_1.0.1.jar C:\Users\Фриз\AppData\Roaming\.minecraft\mods\BiblioCraft[v1.11.7][MC1.7.10].jar C:\Users\Фриз\AppData\Roaming\.minecraft\mods\BiblioWoods[BiomesOPlenty][v1.9].jar C:\Users\Фриз\AppData\Roaming\.minecraft\mods\BiblioWoods[Forestry][v1.7].jar C:\Users\Фриз\AppData\Roaming\.minecraft\mods\BiblioWoods[Natura][v1.5].jar C:\Users\Фриз\AppData\Roaming\.minecraft\mods\BigReactors-0.4.3A.jar C:\Users\Фриз\AppData\Roaming\.minecraft\mods\Binnie Patcher 1.8.jar C:\Users\Фриз\AppData\Roaming\.minecraft\mods\binnie-mods-2.0-pre14.jar C:\Users\Фриз\AppData\Roaming\.minecraft\mods\BiomesOPlenty-1.7.10-2.1.0.1889-universal.jar C:\Users\Фриз\AppData\Roaming\.minecraft\mods\BloodMagic-1.7.10-1.3.3-17.jar C:\Users\Фриз\AppData\Roaming\.minecraft\mods\Botania r1.8-249.jar C:\Users\Фриз\AppData\Roaming\.minecraft\mods\BrandonsCore-1.0.0.12.jar C:\Users\Фриз\AppData\Roaming\.minecraft\mods\buildcraft-7.1.22.jar C:\Users\Фриз\AppData\Roaming\.minecraft\mods\buildcraft-compat-7.1.5.jar C:\Users\Фриз\AppData\Roaming\.minecraft\mods\Carpenter's Blocks v3.3.8.1 - MC 1.7.10.jar C:\Users\Фриз\AppData\Roaming\.minecraft\mods\Chisel-2.9.5.11.jar C:\Users\Фриз\AppData\Roaming\.minecraft\mods\CodeChickenCore-1.7.10-1.0.7.47-universal.jar C:\Users\Фриз\AppData\Roaming\.minecraft\mods\CoFHCore-[1.7.10]3.1.4-329.jar C:\Users\Фриз\AppData\Roaming\.minecraft\mods\CoFHLib-[1.7.10]1.2.1-185.jar C:\Users\Фриз\AppData\Roaming\.minecraft\mods\ComputerCraft1.75_mc1.7.10.jar C:\Users\Фриз\AppData\Roaming\.minecraft\mods\CraftTweaker-1.7.10-3.0.13.jar C:\Users\Фриз\AppData\Roaming\.minecraft\mods\creeperhost-1.7.10-1.1.0.jar C:\Users\Фриз\AppData\Roaming\.minecraft\mods\denseores-1.6.2.jar C:\Users\Фриз\AppData\Roaming\.minecraft\mods\Draconic-Evolution-1.7.10-1.0.2h.jar C:\Users\Фриз\AppData\Roaming\.minecraft\mods\DragonsRadioMod_MC1.7.10_1.6.2.jar C:\Users\Фриз\AppData\Roaming\.minecraft\mods\EnderCore-1.7.10-0.2.0.39_beta.jar C:\Users\Фриз\AppData\Roaming\.minecraft\mods\EnderIO-1.7.10-2.3.0.429_beta.jar C:\Users\Фриз\AppData\Roaming\.minecraft\mods\EnderStorage-1.7.10-1.4.7.37-universal.jar C:\Users\Фриз\AppData\Roaming\.minecraft\mods\EnderTech-1.7.10-0.3.2.405.jar C:\Users\Фриз\AppData\Roaming\.minecraft\mods\EnderZoo-1.7.10-1.0.15.32.jar C:\Users\Фриз\AppData\Roaming\.minecraft\mods\ExtraCells-1.7.10-2.3.14b197.jar C:\Users\Фриз\AppData\Roaming\.minecraft\mods\ExtraTiC-1.7.10-1.4.6.jar C:\Users\Фриз\AppData\Roaming\.minecraft\mods\extrautilities-1.2.12.jar C:\Users\Фриз\AppData\Roaming\.minecraft\mods\FastLeafDecay-1.7.10-1.4.jar C:\Users\Фриз\AppData\Roaming\.minecraft\mods\Forbidden Magic-1.7.10-0.575.jar C:\Users\Фриз\AppData\Roaming\.minecraft\mods\forestry_1.7.10-4.2.16.64.jar C:\Users\Фриз\AppData\Roaming\.minecraft\mods\FTBLib-1.7.10-1.0.18.3.jar C:\Users\Фриз\AppData\Roaming\.minecraft\mods\FTBTweaks-1.0.2.jar C:\Users\Фриз\AppData\Roaming\.minecraft\mods\FTBUtilities-1.7.10-1.0.18.3.jar C:\Users\Фриз\AppData\Roaming\.minecraft\mods\funky-locomotion-1.7.10-beta-7.jar C:\Users\Фриз\AppData\Roaming\.minecraft\mods\gendustry-1.6.3.132-mc1.7.10.jar C:\Users\Фриз\AppData\Roaming\.minecraft\mods\GraviSuite-1.7.10-2.0.3.jar C:\Users\Фриз\AppData\Roaming\.minecraft\mods\Guide-API-1.7.10-1.0.1-20.jar C:\Users\Фриз\AppData\Roaming\.minecraft\mods\Headcrumbs-1.7.4.jar C:\Users\Фриз\AppData\Roaming\.minecraft\mods\HQM_The_Journey_1.7.10_4.4.4.jar C:\Users\Фриз\AppData\Roaming\.minecraft\mods\IC2NuclearControl-2.4.2a.jar C:\Users\Фриз\AppData\Roaming\.minecraft\mods\iChunUtil-4.2.3.jar C:\Users\Фриз\AppData\Roaming\.minecraft\mods\ImmersiveEngineering-0.7.7.jar C:\Users\Фриз\AppData\Roaming\.minecraft\mods\immersiveintegration-0.6.8.jar C:\Users\Фриз\AppData\Roaming\.minecraft\mods\industrialcraft-2-2.2.827-experimental.jar C:\Users\Фриз\AppData\Roaming\.minecraft\mods\INpureCore-[1.7.10]1.0.0B9-62.jar C:\Users\Фриз\AppData\Roaming\.minecraft\mods\InventoryTweaks-1.59-dev-152.jar C:\Users\Фриз\AppData\Roaming\.minecraft\mods\ironchest-1.7.10-6.0.62.742-universal.jar C:\Users\Фриз\AppData\Roaming\.minecraft\mods\Jabba-1.2.2_1.7.10.jar C:\Users\Фриз\AppData\Roaming\.minecraft\mods\journeymap-1.7.10-5.1.4p2-unlimited.jar C:\Users\Фриз\AppData\Roaming\.minecraft\mods\logisticspipes-0.9.3.132.jar C:\Users\Фриз\AppData\Roaming\.minecraft\mods\magicbees-1.7.10-2.4.3.jar C:\Users\Фриз\AppData\Roaming\.minecraft\mods\Mantle-1.7.10-0.3.2b.jar C:\Users\Фриз\AppData\Roaming\.minecraft\mods\mcjtylib-1.8.1.jar C:\Users\Фриз\AppData\Roaming\.minecraft\mods\MineFactoryReloaded-[1.7.10]2.8.1-174.jar C:\Users\Фриз\AppData\Roaming\.minecraft\mods\ModTweaker2-0.9.6.jar C:\Users\Фриз\AppData\Roaming\.minecraft\mods\Morpheus-1.7.10-1.6.21.jar C:\Users\Фриз\AppData\Roaming\.minecraft\mods\mystcraft-1.7.10-0.12.3.04.jar C:\Users\Фриз\AppData\Roaming\.minecraft\mods\natura-1.7.10-2.2.0.1.jar C:\Users\Фриз\AppData\Roaming\.minecraft\mods\neiaddons-1.12.14.40-mc1.7.10.jar C:\Users\Фриз\AppData\Roaming\.minecraft\mods\NEIIntegration-MC1.7.10-1.1.2.jar C:\Users\Фриз\AppData\Roaming\.minecraft\mods\NetherOres-[1.7.10]2.3.1-22.jar C:\Users\Фриз\AppData\Roaming\.minecraft\mods\NotEnoughItems-1.7.10-1.0.5.120-universal.jar C:\Users\Фриз\AppData\Roaming\.minecraft\mods\NotEnoughResources-1.7.10-0.1.0-122.jar C:\Users\Фриз\AppData\Roaming\.minecraft\mods\OpenBlocks-1.7.10-1.6.jar C:\Users\Фриз\AppData\Roaming\.minecraft\mods\OpenComputers_MC1.7.10_1.7.5.1290_universal.jar C:\Users\Фриз\AppData\Roaming\.minecraft\mods\OpenModsLib-1.7.10-0.10.jar C:\Users\Фриз\AppData\Roaming\.minecraft\mods\OpenPeripheralAddons-1.7.10-0.6.jar C:\Users\Фриз\AppData\Roaming\.minecraft\mods\OpenPeripheralCore-1.7.10-1.4.jar C:\Users\Фриз\AppData\Roaming\.minecraft\mods\OpenPeripheralIntegration-1.7.10-0.6.jar C:\Users\Фриз\AppData\Roaming\.minecraft\mods\Pam's HarvestCraft 1.7.10Lb.jar C:\Users\Фриз\AppData\Roaming\.minecraft\mods\Patcher.jar C:\Users\Фриз\AppData\Roaming\.minecraft\mods\PortalGun-4.0.0-beta-6.jar C:\Users\Фриз\AppData\Roaming\.minecraft\mods\PortalGunSounds.pak C:\Users\Фриз\AppData\Roaming\.minecraft\mods\ProjectRed-1.7.10-4.7.0pre12.95-Base.jar C:\Users\Фриз\AppData\Roaming\.minecraft\mods\ProjectRed-1.7.10-4.7.0pre12.95-Compat.jar C:\Users\Фриз\AppData\Roaming\.minecraft\mods\ProjectRed-1.7.10-4.7.0pre12.95-Integration.jar C:\Users\Фриз\AppData\Roaming\.minecraft\mods\ProjectRed-1.7.10-4.7.0pre12.95-Lighting.jar C:\Users\Фриз\AppData\Roaming\.minecraft\mods\ProjectRed-1.7.10-4.7.0pre12.95-Mechanical.jar C:\Users\Фриз\AppData\Roaming\.minecraft\mods\ProjectRed-1.7.10-4.7.0pre12.95-World.jar C:\Users\Фриз\AppData\Roaming\.minecraft\mods\Railcraft_1.7.10-9.12.2.0.jar C:\Users\Фриз\AppData\Roaming\.minecraft\mods\RedstoneArsenal-[1.7.10]1.1.2-92.jar C:\Users\Фриз\AppData\Roaming\.minecraft\mods\rftools-4.23.jar C:\Users\Фриз\AppData\Roaming\.minecraft\mods\RunicDungeons-1.1.7b.jar C:\Users\Фриз\AppData\Roaming\.minecraft\mods\SimplyJetpacks-MC1.7.10-1.5.3.jar C:\Users\Фриз\AppData\Roaming\.minecraft\mods\SolarExpansion-Basic-1.6a.jar C:\Users\Фриз\AppData\Roaming\.minecraft\mods\Springboards-1.7.10-0.1.jar C:\Users\Фриз\AppData\Roaming\.minecraft\mods\StevesAddons-1.7.10-0.10.16.jar C:\Users\Фриз\AppData\Roaming\.minecraft\mods\StevesCarts2.0.0.b18.jar C:\Users\Фриз\AppData\Roaming\.minecraft\mods\StevesFactoryManagerA93.jar C:\Users\Фриз\AppData\Roaming\.minecraft\mods\StevesWorkshop-0.5.1.jar C:\Users\Фриз\AppData\Roaming\.minecraft\mods\StorageDrawers-1.7.10-1.10.8.jar C:\Users\Фриз\AppData\Roaming\.minecraft\mods\StorageDrawers-BiomesOPlenty-1.7.10-1.1.1.jar C:\Users\Фриз\AppData\Roaming\.minecraft\mods\StorageDrawers-Forestry-1.7.10-1.1.2.jar C:\Users\Фриз\AppData\Roaming\.minecraft\mods\StorageDrawers-Misc-1.7.10-1.1.2.jar C:\Users\Фриз\AppData\Roaming\.minecraft\mods\StorageDrawers-Natura-1.7.10-1.1.1.jar C:\Users\Фриз\AppData\Roaming\.minecraft\mods\tcinventoryscan-mc1.7.10-1.0.11.jar C:\Users\Фриз\AppData\Roaming\.minecraft\mods\TConstruct-1.7.10-1.8.8.jar C:\Users\Фриз\AppData\Roaming\.minecraft\mods\Thaumcraft-1.7.10-4.2.3.5.jar C:\Users\Фриз\AppData\Roaming\.minecraft\mods\thaumcraftneiplugin-1.7.10-1.7a.jar C:\Users\Фриз\AppData\Roaming\.minecraft\mods\thaumicenergistics-1.0.0.5.jar C:\Users\Фриз\AppData\Roaming\.minecraft\mods\ThaumicExploration-1.7.10-1.1-53.jar C:\Users\Фриз\AppData\Roaming\.minecraft\mods\ThaumicTinkerer-2.5-1.7.10-512.jar C:\Users\Фриз\AppData\Roaming\.minecraft\mods\ThermalDynamics-[1.7.10]1.2.1-172.jar C:\Users\Фриз\AppData\Roaming\.minecraft\mods\ThermalExpansion-[1.7.10]4.1.5-248.jar C:\Users\Фриз\AppData\Roaming\.minecraft\mods\ThermalFoundation-[1.7.10]1.2.6-118.jar C:\Users\Фриз\AppData\Roaming\.minecraft\mods\TiCTooltips-mc1.7.10-1.2.5.jar C:\Users\Фриз\AppData\Roaming\.minecraft\mods\TMechworks-1.7.10-0.2.15.106.jar C:\Users\Фриз\AppData\Roaming\.minecraft\mods\Translocator-1.7.10-1.1.2.16-universal.jar C:\Users\Фриз\AppData\Roaming\.minecraft\mods\twilightforest-1.7.10-2.3.7.jar C:\Users\Фриз\AppData\Roaming\.minecraft\mods\Waila-1.5.10_1.7.10.jar C:\Users\Фриз\AppData\Roaming\.minecraft\mods\WailaHarvestability-mc1.7.10-1.1.6.jar C:\Users\Фриз\AppData\Roaming\.minecraft\mods\Wawla-1.0.5.120.jar C:\Users\Фриз\AppData\Roaming\.minecraft\mods\witchery-1.7.10-0.24.1.jar C:\Users\Фриз\AppData\Roaming\.minecraft\mods\WR-CBE-1.7.10-1.4.1.9-universal.jar
[InnerMinecraftServersImpl]  search changers of the servers
read servers from servers.dat [Server(name=MineBlaze.ru, address=mc.mineblaze.ru:25565, ip=mc.mineblaze.ru, port=25565, hideAddress=true, acceptTextures=1), Server(name=DexLand.ru, address=mc.dexland.su:25565, ip=mc.dexland.su, port=25565, hideAddress=true, acceptTextures=1), Server(name=MusteryWorld.ru, address=mc.musteryworld.ru:25565, ip=mc.musteryworld.ru, port=25565, hideAddress=false, acceptTextures=1), Server(name=Minecraft Server, address=poc3.bloodcoffeegames.com, ip=poc3.bloodcoffeegames.com, port=null, hideAddress=false, acceptTextures=0), Server(name=Minecraft Server, address=31.134.130.211:25565, ip=31.134.130.211, port=25565, hideAddress=false, acceptTextures=0)]
[InnerMinecraftServersImpl]  prepare inner servers
save servers to servers.dat
[Launcher] Starting Minecraft 1.7.10-Forge10.13.4.1614-1.7.10...
[Launcher] Launching in: C:\Users\Фриз\AppData\Roaming\.minecraft
Starting garbage collector: 76 / 303 MB
Garbage collector completed: 44 / 305 MB
[Launcher] Processing post-launch actions. Assist launch: true
===============================================================================================
[11:52:94] [main/INFO]: Loading tweak class name cpw.mods.fml.common.launcher.FMLTweaker
[11:52:00] [main/INFO]: Using primary tweak class name cpw.mods.fml.common.launcher.FMLTweaker
[11:52:01] [main/INFO]: Calling tweak class cpw.mods.fml.common.launcher.FMLTweaker
[11:52:04] [main/INFO]: Forge Mod Loader version 7.99.40.1614 for Minecraft 1.7.10 loading
[11:52:04] [main/INFO]: Java is Java HotSpot(TM) 64-Bit Server VM, version 1.8.0_51, running on Windows 10:amd64:10.0, installed at C:\Users\Фриз\AppData\Roaming\.minecraft\runtime\jre-legacy\windows\jre-legacy
[11:52:13] [main/INFO]: [AppEng] Core Init
[11:52:14] [main/WARN]: The coremod aroma1997.core.coremod.CoreMod does not have a MCVersion annotation, it may cause issues with this version of Minecraft
[11:52:14] [main/INFO]: Loading tweaker me.guichaguri.betterfps.tweaker.BetterFpsTweaker from BetterFps_1.0.1.jar
[11:52:16] [main/WARN]: The coremod codechicken.core.launch.CodeChickenCorePlugin does not have a MCVersion annotation, it may cause issues with this version of Minecraft
[11:52:46] [main/WARN]: The coremod cofh.asm.LoadingPlugin does not have a MCVersion annotation, it may cause issues with this version of Minecraft
[11:52:47] [main/INFO]: Loading tweaker forestry.shade.javacheck.Java7Checker from forestry_1.7.10-4.2.16.64.jar
[11:52:47] [main/WARN]: The coremod codechicken.core.launch.DepLoader does not have a MCVersion annotation, it may cause issues with this version of Minecraft
[11:52:48] [main/WARN]: The coremod mrtjp.relocation.asm.RelocationPlugin does not have a MCVersion annotation, it may cause issues with this version of Minecraft
[11:52:51] [main/WARN]: The coremod ic2.core.coremod.IC2core does not have a MCVersion annotation, it may cause issues with this version of Minecraft
[11:52:51] [main/WARN]: The coremod invtweaks.forge.asm.FMLPlugin does not have a MCVersion annotation, it may cause issues with this version of Minecraft
[11:52:58] [main/WARN]: The coremod logisticspipes.asm.LogisticsPipesCoreLoader does not have a MCVersion annotation, it may cause issues with this version of Minecraft
[11:52:60] [main/WARN]: The coremod mrtjp.core.handler.CorePlugin does not have a MCVersion annotation, it may cause issues with this version of Minecraft
[11:52:60] [main/WARN]: The coremod codechicken.nei.asm.NEICorePlugin does not have a MCVersion annotation, it may cause issues with this version of Minecraft
[11:52:61] [main/WARN]: The coremod openblocks.OpenBlocksCorePlugin does not have a MCVersion annotation, it may cause issues with this version of Minecraft
[11:52:61] [main/WARN]: The coremod openmods.core.OpenModsCorePlugin does not have a MCVersion annotation, it may cause issues with this version of Minecraft
[11:52:62] [main/WARN]: The coremod codechicken.core.launch.DepLoader does not have a MCVersion annotation, it may cause issues with this version of Minecraft
[11:52:64] [main/WARN]: The coremod thaumcraft.codechicken.core.launch.DepLoader does not have a MCVersion annotation, it may cause issues with this version of Minecraft
[11:52:64] [main/WARN]: The coremod codechicken.core.launch.DepLoader does not have a MCVersion annotation, it may cause issues with this version of Minecraft
[11:52:64] [main/WARN]: The coremod thaumic.tinkerer.preloader.ThaumicTLoaderContainer does not have a MCVersion annotation, it may cause issues with this version of Minecraft
[11:52:64] [main/WARN]: The coremod codechicken.core.launch.DepLoader does not have a MCVersion annotation, it may cause issues with this version of Minecraft
[11:52:64] [main/INFO]: Loading tweak class name cpw.mods.fml.common.launcher.FMLInjectionAndSortingTweaker
[11:52:64] [main/INFO]: Loading tweak class name me.guichaguri.betterfps.tweaker.BetterFpsTweaker
[11:52:65] [main/INFO]: Loading tweak class name forestry.shade.javacheck.Java7Checker
[11:52:65] [main/INFO]: Loading tweak class name cpw.mods.fml.common.launcher.FMLDeobfTweaker
[11:52:65] [main/INFO]: Calling tweak class cpw.mods.fml.common.launcher.FMLInjectionAndSortingTweaker
[11:52:65] [main/INFO]: Calling tweak class cpw.mods.fml.common.launcher.FMLInjectionAndSortingTweaker
[11:52:65] [main/INFO]: Calling tweak class cpw.mods.fml.relauncher.CoreModManager$FMLPluginWrapper
[11:52:54] [main/INFO]: Found valid fingerprint for Minecraft Forge. Certificate fingerprint e3c3d50c7c986df74c645c0ac54639741c90a557
[11:52:57] [main/INFO]: Found valid fingerprint for Minecraft. Certificate fingerprint cd99959656f753dc28d863b46769f7f8fbaefcfc
[11:52:57] [main/INFO]: Calling tweak class cpw.mods.fml.relauncher.CoreModManager$FMLPluginWrapper
[11:52:58] [main/INFO]: Calling tweak class cpw.mods.fml.relauncher.CoreModManager$FMLPluginWrapper
[11:52:62] [main/INFO]: Calling tweak class cpw.mods.fml.relauncher.CoreModManager$FMLPluginWrapper
[11:52:65] [main/INFO]: Calling tweak class cpw.mods.fml.relauncher.CoreModManager$FMLPluginWrapper
[11:52:65] [main/INFO]: Finished data injection.
[11:52:65] [main/INFO]: Finished data injection.
[11:52:65] [main/INFO]: Calling tweak class cpw.mods.fml.relauncher.CoreModManager$FMLPluginWrapper
[11:52:70] [main/INFO]: Calling tweak class cpw.mods.fml.relauncher.CoreModManager$FMLPluginWrapper
[11:52:70] [main/INFO]: Calling tweak class cpw.mods.fml.relauncher.CoreModManager$FMLPluginWrapper
[11:52:75] [main/INFO]: Calling tweak class cpw.mods.fml.relauncher.CoreModManager$FMLPluginWrapper
[11:52:80] [main/INFO]: Loaded library EJML-core-0.26.jar.
[11:52:80] [main/INFO]: Calling tweak class cpw.mods.fml.relauncher.CoreModManager$FMLPluginWrapper
[11:52:80] [main/INFO]: Attempting to detect JVM version...
[11:52:80] [main/INFO]: Detected JVM: 1.8
[11:52:80] [main/INFO]: Starting library configuration...
[11:52:81] [main/INFO]: System attached to FML. Now intercepting all logging calls.
[11:52:81] [main/INFO]: Calling tweak class cpw.mods.fml.relauncher.CoreModManager$FMLPluginWrapper
[11:52:81] [main/INFO]: Calling tweak class cpw.mods.fml.relauncher.CoreModManager$FMLPluginWrapper
[11:52:82] [main/INFO]: Calling tweak class cpw.mods.fml.relauncher.CoreModManager$FMLPluginWrapper
[11:52:83] [main/INFO]: Calling tweak class cpw.mods.fml.relauncher.CoreModManager$FMLPluginWrapper
[11:52:83] [main/INFO]: Calling tweak class cpw.mods.fml.relauncher.CoreModManager$FMLPluginWrapper
[11:52:84] [main/INFO]: Calling tweak class cpw.mods.fml.relauncher.CoreModManager$FMLPluginWrapper
[11:52:84] [main/INFO]: Calling tweak class cpw.mods.fml.relauncher.CoreModManager$FMLPluginWrapper
[11:52:84] [main/INFO]: Calling tweak class cpw.mods.fml.relauncher.CoreModManager$FMLPluginWrapper
[11:52:89] [main/INFO]: Calling tweak class cpw.mods.fml.relauncher.CoreModManager$FMLPluginWrapper
[11:52:93] [main/INFO]: Calling tweak class cpw.mods.fml.relauncher.CoreModManager$FMLPluginWrapper
[11:52:93] [main/INFO]: Calling tweak class cpw.mods.fml.relauncher.CoreModManager$FMLPluginWrapper
[11:52:94] [main/INFO]: Calling tweak class cpw.mods.fml.relauncher.CoreModManager$FMLPluginWrapper
[11:52:94] [main/INFO]: Calling tweak class forestry.shade.javacheck.Java7Checker
[11:52:94] [main/INFO]: Calling tweak class cpw.mods.fml.relauncher.CoreModManager$FMLPluginWrapper
[11:52:94] [main/INFO]: Calling tweak class cpw.mods.fml.relauncher.CoreModManager$FMLPluginWrapper
[11:52:02] [main/INFO]: Calling tweak class cpw.mods.fml.relauncher.CoreModManager$FMLPluginWrapper
[11:52:03] [main/INFO]: Calling tweak class me.guichaguri.betterfps.tweaker.BetterFpsTweaker
[11:52:03] [main/INFO]: Calling tweak class cpw.mods.fml.common.launcher.FMLDeobfTweaker
[11:52:17] [main/INFO]: Calling tweak class cpw.mods.fml.relauncher.CoreModManager$FMLPluginWrapper
[11:52:17] [main/INFO]: Calling tweak class cpw.mods.fml.relauncher.CoreModManager$FMLPluginWrapper
[11:52:25] [main/INFO]: Calling tweak class cpw.mods.fml.relauncher.CoreModManager$FMLPluginWrapper
[11:52:25] [main/INFO]: Calling tweak class cpw.mods.fml.relauncher.CoreModManager$FMLPluginWrapper
[11:52:26] [main/INFO]: Calling tweak class cpw.mods.fml.relauncher.CoreModManager$FMLPluginWrapper
[11:52:28] [main/INFO]: Loading tweak class name cpw.mods.fml.common.launcher.TerminalTweaker
[11:52:28] [main/INFO]: Calling tweak class cpw.mods.fml.common.launcher.TerminalTweaker
[11:52:28] [main/INFO]: Launching wrapped minecraft {net.minecraft.client.main.Main}
[11:52:32] [main/INFO]: Patching Game Start...
[11:52:67] [main/INFO]: func_146977_a(Lnet/minecraft/inventory/Slot;)V - Transformed
[11:52:67] [main/INFO]: func_146977_a_original(Lnet/minecraft/inventory/Slot;)V - New Method
[11:52:67] [main/INFO]: func_146977_a(Lnet/minecraft/inventory/Slot;)V - Invoke Virtual
[11:52:94] [main/INFO]: Setting user: freeze2222
[11:52:20] [main/INFO]: Patching leaves.
[11:52:20] [main/INFO]: Found leaf Class: net/minecraft/block/BlockLeavesBase
[11:52:31] [main/INFO]: Successfully patched sw.recreateLeash.
[11:52:49] [main/INFO]: Transforming Class [net.minecraft.entity.projectile.EntityArrow], Method [func_70071_h_]
[11:52:49] [main/INFO]: Transforming net.minecraft.entity.projectile.EntityArrow Finished.
[11:52:65] [main/INFO]: Transforming Class [net.minecraft.item.ItemStack], Method [func_77953_t]
[11:52:65] [main/INFO]: Transforming net.minecraft.item.ItemStack Finished.
[11:52:68] [main/INFO]: InvTweaks: net.minecraft.inventory.Container
[11:52:69] [main/INFO]: InvTweaks: net.minecraft.inventory.ContainerFurnace
[11:52:69] [main/INFO]: Transforming Class [net.minecraft.inventory.ContainerFurnace], Method [func_82846_b]
[11:52:69] [main/INFO]: Transforming net.minecraft.inventory.ContainerFurnace Finished.
[11:52:73] [main/INFO]: Patching Minecraft using Riven's "Half" Algorithm
[11:52:93] [Client thread/INFO]: Patching Key Event...
[11:52:99] [Client thread/INFO]: LWJGL Version: 2.9.1
[11:52:44] [Client thread/INFO]: transforming: net.minecraft.client.renderer.RenderBlocks
[11:52:45] [Client thread/INFO]: blm net.minecraft.client.renderer.RenderBlocks b (Laji;III)Z
[11:52:59] [Client thread/INFO]: [cpw.mods.fml.client.SplashProgress:start:188]: ---- Minecraft Crash Report ----
// Who set us up the TNT?

Time: 08.01.22 11:52
Description: Loading screen debug info

This is just a prompt for computer specs to be printed. THIS IS NOT A ERROR


A detailed walkthrough of the error, its code path and all known details is as follows:
---------------------------------------------------------------------------------------

-- System Details --
Details:
	Minecraft Version: 1.7.10
	Operating System: Windows 10 (amd64) version 10.0
	Java Version: 1.8.0_51, Oracle Corporation
	Java VM Version: Java HotSpot(TM) 64-Bit Server VM (mixed mode), Oracle Corporation
	Memory: 95274848 bytes (90 MB) / 268435456 bytes (256 MB) up to 10502537216 bytes (10016 MB)
	JVM Flags: 8 total; -Xmn128M -Xmx10004M -XX:+UnlockExperimentalVMOptions -XX:+UseG1GC -XX:G1NewSizePercent=20 -XX:G1ReservePercent=20 -XX:MaxGCPauseMillis=50 -XX:G1HeapRegionSize=32M
	AABB Pool Size: 0 (0 bytes; 0 MB) allocated, 0 (0 bytes; 0 MB) used
	IntCache: cache: 0, tcache: 0, allocated: 0, tallocated: 0
	FML: 
	GL info: ' Vendor: 'NVIDIA Corporation' Version: '4.6.0 NVIDIA 497.29' Renderer: 'NVIDIA GeForce GTX 1050 Ti/PCIe/SSE2'
[11:52:68] [Client thread/INFO]: Attempting early MinecraftForge initialization
[11:52:68] [Client thread/INFO]: MinecraftForge v10.13.4.1614 Initialized
[11:52:72] [Client thread/INFO]: Replaced 183 ore recipies
[11:52:76] [Client thread/INFO]: Completed early MinecraftForge initialization
[11:52:81] [Client thread/INFO]: [AppEng] Core Init
[11:52:87] [Client thread/INFO]: Found 0 mods from the command line. Injecting into mod discoverer
[11:52:87] [Client thread/INFO]: Searching C:\Users\Фриз\AppData\Roaming\.minecraft\mods for mods
[11:52:89] [Client thread/INFO]: Also searching C:\Users\Фриз\AppData\Roaming\.minecraft\mods\1.7.10 for mods
[11:52:07] [Client thread/WARN]: Mod Aroma1997CoreHelper is missing the required element 'version' and a version.properties file could not be found. Falling back to metadata version 1.0.2.16
[11:52:07] [Client thread/WARN]: Mod Aroma1997sDimension is missing the required element 'version' and no fallback can be found. Substituting '1.0'.
[11:52:08] [Client thread/WARN]: Mod Avaritia is missing the required element 'version' and a version.properties file could not be found. Falling back to metadata version 1.11
[11:52:34] [Client thread/WARN]: Mod Botany is missing the required element 'version' and a version.properties file could not be found. Falling back to metadata version 2.0-pre14
[11:52:35] [Client thread/WARN]: Mod BinnieCore is missing the required element 'version' and a version.properties file could not be found. Falling back to metadata version 2.0-pre14
[11:52:39] [Client thread/WARN]: Mod ExtraBees is missing the required element 'version' and a version.properties file could not be found. Falling back to metadata version 2.0-pre14
[11:52:40] [Client thread/WARN]: Mod ExtraTrees is missing the required element 'version' and a version.properties file could not be found. Falling back to metadata version 2.0-pre14
[11:52:44] [Client thread/WARN]: Mod Genetics is missing the required element 'version' and a version.properties file could not be found. Falling back to metadata version 2.0-pre14
Here I am!
[VersionManager] Refreshing versions locally...
[VersionManager] Versions has been refreshed (22 ms)
[Version:1.12.2-forge-14.23.5.2855] Resolving...
[Version:1.12.2-forge-14.23.5.2855] Inherits from 1.12.2
[Version:1.12.2-forge-14.23.5.2860] Resolving...
[Version:1.12.2-forge-14.23.5.2860] Inherits from 1.12.2
[Version:1.15.2-forge-31.2.57] Resolving...
[Version:1.15.2-forge-31.2.57] Inherits from 1.15.2
[Version:1.17-OptiFine_HD_U_G9_pre26] Resolving...
[Version:1.17-OptiFine_HD_U_G9_pre26] Inherits from 1.17
[Version:1.7.10-Forge10.13.4.1614-1.7.10] Resolving...
[Version:1.7.10-Forge10.13.4.1614-1.7.10] Inherits from 1.7.10
[Version:1.12.2-forge-14.23.5.2855] Resolving...
[Version:1.12.2-forge-14.23.5.2855] Inherits from 1.12.2
[Version:1.12.2-forge-14.23.5.2860] Resolving...
[Version:1.12.2-forge-14.23.5.2860] Inherits from 1.12.2
[Version:1.15.2-forge-31.2.57] Resolving...
[Version:1.15.2-forge-31.2.57] Inherits from 1.15.2
[Version:1.17-OptiFine_HD_U_G9_pre26] Resolving...
[Version:1.17-OptiFine_HD_U_G9_pre26] Inherits from 1.17
[Version:1.7.10-Forge10.13.4.1614-1.7.10] Resolving...
[Version:1.7.10-Forge10.13.4.1614-1.7.10] Inherits from 1.7.10
[Version:1.12.2-forge-14.23.5.2855] Resolving...
[Version:1.12.2-forge-14.23.5.2855] Inherits from 1.12.2
[Version:1.12.2-forge-14.23.5.2860] Resolving...
[Version:1.12.2-forge-14.23.5.2860] Inherits from 1.12.2
[Version:1.15.2-forge-31.2.57] Resolving...
[Version:1.15.2-forge-31.2.57] Inherits from 1.15.2
[Version:1.17-OptiFine_HD_U_G9_pre26] Resolving...
[Version:1.17-OptiFine_HD_U_G9_pre26] Inherits from 1.17
[Version:1.7.10-Forge10.13.4.1614-1.7.10] Resolving...
[Version:1.7.10-Forge10.13.4.1614-1.7.10] Inherits from 1.7.10
[Launcher] Launcher exited.
[Launcher] Minecraft closed with exit code: 1
flush now
Good bye!
[Double running] clear time label
[TLauncherManager] before clearLibrary C:\Users\Фриз\AppData\Roaming\.minecraft\mods\AdvancedSolarPanel-1.7.10-3.5.1.jar C:\Users\Фриз\AppData\Roaming\.minecraft\mods\AgriCraft-1.7.10-1.5.0.jar C:\Users\Фриз\AppData\Roaming\.minecraft\mods\AOBD-2.9.2.jar C:\Users\Фриз\AppData\Roaming\.minecraft\mods\appliedenergistics2-rv3-beta-6.jar C:\Users\Фриз\AppData\Roaming\.minecraft\mods\Aroma1997Core-1.7.10-1.0.2.16.jar C:\Users\Фриз\AppData\Roaming\.minecraft\mods\Aroma1997s-Dimensional-World-1.7.10-1.1.0.1.jar C:\Users\Фриз\AppData\Roaming\.minecraft\mods\Avaritia-1.11.jar C:\Users\Фриз\AppData\Roaming\.minecraft\mods\bdlib-1.9.4.109-mc1.7.10.jar C:\Users\Фриз\AppData\Roaming\.minecraft\mods\BetterFps_1.0.1.jar C:\Users\Фриз\AppData\Roaming\.minecraft\mods\BiblioCraft[v1.11.7][MC1.7.10].jar C:\Users\Фриз\AppData\Roaming\.minecraft\mods\BiblioWoods[BiomesOPlenty][v1.9].jar C:\Users\Фриз\AppData\Roaming\.minecraft\mods\BiblioWoods[Forestry][v1.7].jar C:\Users\Фриз\AppData\Roaming\.minecraft\mods\BiblioWoods[Natura][v1.5].jar C:\Users\Фриз\AppData\Roaming\.minecraft\mods\BigReactors-0.4.3A.jar C:\Users\Фриз\AppData\Roaming\.minecraft\mods\Binnie Patcher 1.8.jar C:\Users\Фриз\AppData\Roaming\.minecraft\mods\binnie-mods-2.0-pre14.jar C:\Users\Фриз\AppData\Roaming\.minecraft\mods\BiomesOPlenty-1.7.10-2.1.0.1889-universal.jar C:\Users\Фриз\AppData\Roaming\.minecraft\mods\BloodMagic-1.7.10-1.3.3-17.jar C:\Users\Фриз\AppData\Roaming\.minecraft\mods\Botania r1.8-249.jar C:\Users\Фриз\AppData\Roaming\.minecraft\mods\BrandonsCore-1.0.0.12.jar C:\Users\Фриз\AppData\Roaming\.minecraft\mods\buildcraft-7.1.22.jar C:\Users\Фриз\AppData\Roaming\.minecraft\mods\buildcraft-compat-7.1.5.jar C:\Users\Фриз\AppData\Roaming\.minecraft\mods\Carpenter's Blocks v3.3.8.1 - MC 1.7.10.jar C:\Users\Фриз\AppData\Roaming\.minecraft\mods\Chisel-2.9.5.11.jar C:\Users\Фриз\AppData\Roaming\.minecraft\mods\CodeChickenCore-1.7.10-1.0.7.47-universal.jar C:\Users\Фриз\AppData\Roaming\.minecraft\mods\CoFHCore-[1.7.10]3.1.4-329.jar C:\Users\Фриз\AppData\Roaming\.minecraft\mods\CoFHLib-[1.7.10]1.2.1-185.jar C:\Users\Фриз\AppData\Roaming\.minecraft\mods\ComputerCraft1.75_mc1.7.10.jar C:\Users\Фриз\AppData\Roaming\.minecraft\mods\CraftTweaker-1.7.10-3.0.13.jar C:\Users\Фриз\AppData\Roaming\.minecraft\mods\creeperhost-1.7.10-1.1.0.jar C:\Users\Фриз\AppData\Roaming\.minecraft\mods\denseores-1.6.2.jar C:\Users\Фриз\AppData\Roaming\.minecraft\mods\Draconic-Evolution-1.7.10-1.0.2h.jar C:\Users\Фриз\AppData\Roaming\.minecraft\mods\DragonsRadioMod_MC1.7.10_1.6.2.jar C:\Users\Фриз\AppData\Roaming\.minecraft\mods\EnderCore-1.7.10-0.2.0.39_beta.jar C:\Users\Фриз\AppData\Roaming\.minecraft\mods\EnderIO-1.7.10-2.3.0.429_beta.jar C:\Users\Фриз\AppData\Roaming\.minecraft\mods\EnderStorage-1.7.10-1.4.7.37-universal.jar C:\Users\Фриз\AppData\Roaming\.minecraft\mods\EnderTech-1.7.10-0.3.2.405.jar C:\Users\Фриз\AppData\Roaming\.minecraft\mods\EnderZoo-1.7.10-1.0.15.32.jar C:\Users\Фриз\AppData\Roaming\.minecraft\mods\ExtraCells-1.7.10-2.3.14b197.jar C:\Users\Фриз\AppData\Roaming\.minecraft\mods\ExtraTiC-1.7.10-1.4.6.jar C:\Users\Фриз\AppData\Roaming\.minecraft\mods\extrautilities-1.2.12.jar C:\Users\Фриз\AppData\Roaming\.minecraft\mods\FastLeafDecay-1.7.10-1.4.jar C:\Users\Фриз\AppData\Roaming\.minecraft\mods\Forbidden Magic-1.7.10-0.575.jar C:\Users\Фриз\AppData\Roaming\.minecraft\mods\forestry_1.7.10-4.2.16.64.jar C:\Users\Фриз\AppData\Roaming\.minecraft\mods\FTBLib-1.7.10-1.0.18.3.jar C:\Users\Фриз\AppData\Roaming\.minecraft\mods\FTBTweaks-1.0.2.jar C:\Users\Фриз\AppData\Roaming\.minecraft\mods\FTBUtilities-1.7.10-1.0.18.3.jar C:\Users\Фриз\AppData\Roaming\.minecraft\mods\funky-locomotion-1.7.10-beta-7.jar C:\Users\Фриз\AppData\Roaming\.minecraft\mods\gendustry-1.6.3.132-mc1.7.10.jar C:\Users\Фриз\AppData\Roaming\.minecraft\mods\GraviSuite-1.7.10-2.0.3.jar C:\Users\Фриз\AppData\Roaming\.minecraft\mods\Guide-API-1.7.10-1.0.1-20.jar C:\Users\Фриз\AppData\Roaming\.minecraft\mods\Headcrumbs-1.7.4.jar C:\Users\Фриз\AppData\Roaming\.minecraft\mods\HQM_The_Journey_1.7.10_4.4.4.jar C:\Users\Фриз\AppData\Roaming\.minecraft\mods\IC2NuclearControl-2.4.2a.jar C:\Users\Фриз\AppData\Roaming\.minecraft\mods\iChunUtil-4.2.3.jar C:\Users\Фриз\AppData\Roaming\.minecraft\mods\ImmersiveEngineering-0.7.7.jar C:\Users\Фриз\AppData\Roaming\.minecraft\mods\immersiveintegration-0.6.8.jar C:\Users\Фриз\AppData\Roaming\.minecraft\mods\industrialcraft-2-2.2.827-experimental.jar C:\Users\Фриз\AppData\Roaming\.minecraft\mods\INpureCore-[1.7.10]1.0.0B9-62.jar C:\Users\Фриз\AppData\Roaming\.minecraft\mods\InventoryTweaks-1.59-dev-152.jar C:\Users\Фриз\AppData\Roaming\.minecraft\mods\ironchest-1.7.10-6.0.62.742-universal.jar C:\Users\Фриз\AppData\Roaming\.minecraft\mods\Jabba-1.2.2_1.7.10.jar C:\Users\Фриз\AppData\Roaming\.minecraft\mods\journeymap-1.7.10-5.1.4p2-unlimited.jar C:\Users\Фриз\AppData\Roaming\.minecraft\mods\logisticspipes-0.9.3.132.jar C:\Users\Фриз\AppData\Roaming\.minecraft\mods\magicbees-1.7.10-2.4.3.jar C:\Users\Фриз\AppData\Roaming\.minecraft\mods\Mantle-1.7.10-0.3.2b.jar C:\Users\Фриз\AppData\Roaming\.minecraft\mods\mcjtylib-1.8.1.jar C:\Users\Фриз\AppData\Roaming\.minecraft\mods\MineFactoryReloaded-[1.7.10]2.8.1-174.jar C:\Users\Фриз\AppData\Roaming\.minecraft\mods\ModTweaker2-0.9.6.jar C:\Users\Фриз\AppData\Roaming\.minecraft\mods\Morpheus-1.7.10-1.6.21.jar C:\Users\Фриз\AppData\Roaming\.minecraft\mods\mystcraft-1.7.10-0.12.3.04.jar C:\Users\Фриз\AppData\Roaming\.minecraft\mods\natura-1.7.10-2.2.0.1.jar C:\Users\Фриз\AppData\Roaming\.minecraft\mods\neiaddons-1.12.14.40-mc1.7.10.jar C:\Users\Фриз\AppData\Roaming\.minecraft\mods\NEIIntegration-MC1.7.10-1.1.2.jar C:\Users\Фриз\AppData\Roaming\.minecraft\mods\NetherOres-[1.7.10]2.3.1-22.jar C:\Users\Фриз\AppData\Roaming\.minecraft\mods\NotEnoughItems-1.7.10-1.0.5.120-universal.jar C:\Users\Фриз\AppData\Roaming\.minecraft\mods\NotEnoughResources-1.7.10-0.1.0-122.jar C:\Users\Фриз\AppData\Roaming\.minecraft\mods\OpenBlocks-1.7.10-1.6.jar C:\Users\Фриз\AppData\Roaming\.minecraft\mods\OpenComputers_MC1.7.10_1.7.5.1290_universal.jar C:\Users\Фриз\AppData\Roaming\.minecraft\mods\OpenModsLib-1.7.10-0.10.jar C:\Users\Фриз\AppData\Roaming\.minecraft\mods\OpenPeripheralAddons-1.7.10-0.6.jar C:\Users\Фриз\AppData\Roaming\.minecraft\mods\OpenPeripheralCore-1.7.10-1.4.jar C:\Users\Фриз\AppData\Roaming\.minecraft\mods\OpenPeripheralIntegration-1.7.10-0.6.jar C:\Users\Фриз\AppData\Roaming\.minecraft\mods\Pam's HarvestCraft 1.7.10Lb.jar C:\Users\Фриз\AppData\Roaming\.minecraft\mods\Patcher.jar C:\Users\Фриз\AppData\Roaming\.minecraft\mods\PortalGun-4.0.0-beta-6.jar C:\Users\Фриз\AppData\Roaming\.minecraft\mods\PortalGunSounds.pak C:\Users\Фриз\AppData\Roaming\.minecraft\mods\ProjectRed-1.7.10-4.7.0pre12.95-Base.jar C:\Users\Фриз\AppData\Roaming\.minecraft\mods\ProjectRed-1.7.10-4.7.0pre12.95-Compat.jar C:\Users\Фриз\AppData\Roaming\.minecraft\mods\ProjectRed-1.7.10-4.7.0pre12.95-Integration.jar C:\Users\Фриз\AppData\Roaming\.minecraft\mods\ProjectRed-1.7.10-4.7.0pre12.95-Lighting.jar C:\Users\Фриз\AppData\Roaming\.minecraft\mods\ProjectRed-1.7.10-4.7.0pre12.95-Mechanical.jar C:\Users\Фриз\AppData\Roaming\.minecraft\mods\ProjectRed-1.7.10-4.7.0pre12.95-World.jar C:\Users\Фриз\AppData\Roaming\.minecraft\mods\Railcraft_1.7.10-9.12.2.0.jar C:\Users\Фриз\AppData\Roaming\.minecraft\mods\RedstoneArsenal-[1.7.10]1.1.2-92.jar C:\Users\Фриз\AppData\Roaming\.minecraft\mods\rftools-4.23.jar C:\Users\Фриз\AppData\Roaming\.minecraft\mods\RunicDungeons-1.1.7b.jar C:\Users\Фриз\AppData\Roaming\.minecraft\mods\SimplyJetpacks-MC1.7.10-1.5.3.jar C:\Users\Фриз\AppData\Roaming\.minecraft\mods\SolarExpansion-Basic-1.6a.jar C:\Users\Фриз\AppData\Roaming\.minecraft\mods\Springboards-1.7.10-0.1.jar C:\Users\Фриз\AppData\Roaming\.minecraft\mods\StevesAddons-1.7.10-0.10.16.jar C:\Users\Фриз\AppData\Roaming\.minecraft\mods\StevesCarts2.0.0.b18.jar C:\Users\Фриз\AppData\Roaming\.minecraft\mods\StevesFactoryManagerA93.jar C:\Users\Фриз\AppData\Roaming\.minecraft\mods\StevesWorkshop-0.5.1.jar C:\Users\Фриз\AppData\Roaming\.minecraft\mods\StorageDrawers-1.7.10-1.10.8.jar C:\Users\Фриз\AppData\Roaming\.minecraft\mods\StorageDrawers-BiomesOPlenty-1.7.10-1.1.1.jar C:\Users\Фриз\AppData\Roaming\.minecraft\mods\StorageDrawers-Forestry-1.7.10-1.1.2.jar C:\Users\Фриз\AppData\Roaming\.minecraft\mods\StorageDrawers-Misc-1.7.10-1.1.2.jar C:\Users\Фриз\AppData\Roaming\.minecraft\mods\StorageDrawers-Natura-1.7.10-1.1.1.jar C:\Users\Фриз\AppData\Roaming\.minecraft\mods\tcinventoryscan-mc1.7.10-1.0.11.jar C:\Users\Фриз\AppData\Roaming\.minecraft\mods\TConstruct-1.7.10-1.8.8.jar C:\Users\Фриз\AppData\Roaming\.minecraft\mods\Thaumcraft-1.7.10-4.2.3.5.jar C:\Users\Фриз\AppData\Roaming\.minecraft\mods\thaumcraftneiplugin-1.7.10-1.7a.jar C:\Users\Фриз\AppData\Roaming\.minecraft\mods\thaumicenergistics-1.0.0.5.jar C:\Users\Фриз\AppData\Roaming\.minecraft\mods\ThaumicExploration-1.7.10-1.1-53.jar C:\Users\Фриз\AppData\Roaming\.minecraft\mods\ThaumicTinkerer-2.5-1.7.10-512.jar C:\Users\Фриз\AppData\Roaming\.minecraft\mods\ThermalDynamics-[1.7.10]1.2.1-172.jar C:\Users\Фриз\AppData\Roaming\.minecraft\mods\ThermalExpansion-[1.7.10]4.1.5-248.jar C:\Users\Фриз\AppData\Roaming\.minecraft\mods\ThermalFoundation-[1.7.10]1.2.6-118.jar C:\Users\Фриз\AppData\Roaming\.minecraft\mods\TiCTooltips-mc1.7.10-1.2.5.jar C:\Users\Фриз\AppData\Roaming\.minecraft\mods\TMechworks-1.7.10-0.2.15.106.jar C:\Users\Фриз\AppData\Roaming\.minecraft\mods\Translocator-1.7.10-1.1.2.16-universal.jar C:\Users\Фриз\AppData\Roaming\.minecraft\mods\twilightforest-1.7.10-2.3.7.jar C:\Users\Фриз\AppData\Roaming\.minecraft\mods\Waila-1.5.10_1.7.10.jar C:\Users\Фриз\AppData\Roaming\.minecraft\mods\WailaHarvestability-mc1.7.10-1.1.6.jar C:\Users\Фриз\AppData\Roaming\.minecraft\mods\Wawla-1.0.5.120.jar C:\Users\Фриз\AppData\Roaming\.minecraft\mods\witchery-1.7.10-0.24.1.jar C:\Users\Фриз\AppData\Roaming\.minecraft\mods\WR-CBE-1.7.10-1.4.1.9-universal.jar
[TLauncherManager] written:  []
[TLauncherManager] after clearLibrary C:\Users\Фриз\AppData\Roaming\.minecraft\mods\AdvancedSolarPanel-1.7.10-3.5.1.jar C:\Users\Фриз\AppData\Roaming\.minecraft\mods\AgriCraft-1.7.10-1.5.0.jar C:\Users\Фриз\AppData\Roaming\.minecraft\mods\AOBD-2.9.2.jar C:\Users\Фриз\AppData\Roaming\.minecraft\mods\appliedenergistics2-rv3-beta-6.jar C:\Users\Фриз\AppData\Roaming\.minecraft\mods\Aroma1997Core-1.7.10-1.0.2.16.jar C:\Users\Фриз\AppData\Roaming\.minecraft\mods\Aroma1997s-Dimensional-World-1.7.10-1.1.0.1.jar C:\Users\Фриз\AppData\Roaming\.minecraft\mods\Avaritia-1.11.jar C:\Users\Фриз\AppData\Roaming\.minecraft\mods\bdlib-1.9.4.109-mc1.7.10.jar C:\Users\Фриз\AppData\Roaming\.minecraft\mods\BetterFps_1.0.1.jar C:\Users\Фриз\AppData\Roaming\.minecraft\mods\BiblioCraft[v1.11.7][MC1.7.10].jar C:\Users\Фриз\AppData\Roaming\.minecraft\mods\BiblioWoods[BiomesOPlenty][v1.9].jar C:\Users\Фриз\AppData\Roaming\.minecraft\mods\BiblioWoods[Forestry][v1.7].jar C:\Users\Фриз\AppData\Roaming\.minecraft\mods\BiblioWoods[Natura][v1.5].jar C:\Users\Фриз\AppData\Roaming\.minecraft\mods\BigReactors-0.4.3A.jar C:\Users\Фриз\AppData\Roaming\.minecraft\mods\Binnie Patcher 1.8.jar C:\Users\Фриз\AppData\Roaming\.minecraft\mods\binnie-mods-2.0-pre14.jar C:\Users\Фриз\AppData\Roaming\.minecraft\mods\BiomesOPlenty-1.7.10-2.1.0.1889-universal.jar C:\Users\Фриз\AppData\Roaming\.minecraft\mods\BloodMagic-1.7.10-1.3.3-17.jar C:\Users\Фриз\AppData\Roaming\.minecraft\mods\Botania r1.8-249.jar C:\Users\Фриз\AppData\Roaming\.minecraft\mods\BrandonsCore-1.0.0.12.jar C:\Users\Фриз\AppData\Roaming\.minecraft\mods\buildcraft-7.1.22.jar C:\Users\Фриз\AppData\Roaming\.minecraft\mods\buildcraft-compat-7.1.5.jar C:\Users\Фриз\AppData\Roaming\.minecraft\mods\Carpenter's Blocks v3.3.8.1 - MC 1.7.10.jar C:\Users\Фриз\AppData\Roaming\.minecraft\mods\Chisel-2.9.5.11.jar C:\Users\Фриз\AppData\Roaming\.minecraft\mods\CodeChickenCore-1.7.10-1.0.7.47-universal.jar C:\Users\Фриз\AppData\Roaming\.minecraft\mods\CoFHCore-[1.7.10]3.1.4-329.jar C:\Users\Фриз\AppData\Roaming\.minecraft\mods\CoFHLib-[1.7.10]1.2.1-185.jar C:\Users\Фриз\AppData\Roaming\.minecraft\mods\ComputerCraft1.75_mc1.7.10.jar C:\Users\Фриз\AppData\Roaming\.minecraft\mods\CraftTweaker-1.7.10-3.0.13.jar C:\Users\Фриз\AppData\Roaming\.minecraft\mods\creeperhost-1.7.10-1.1.0.jar C:\Users\Фриз\AppData\Roaming\.minecraft\mods\denseores-1.6.2.jar C:\Users\Фриз\AppData\Roaming\.minecraft\mods\Draconic-Evolution-1.7.10-1.0.2h.jar C:\Users\Фриз\AppData\Roaming\.minecraft\mods\DragonsRadioMod_MC1.7.10_1.6.2.jar C:\Users\Фриз\AppData\Roaming\.minecraft\mods\EnderCore-1.7.10-0.2.0.39_beta.jar C:\Users\Фриз\AppData\Roaming\.minecraft\mods\EnderIO-1.7.10-2.3.0.429_beta.jar C:\Users\Фриз\AppData\Roaming\.minecraft\mods\EnderStorage-1.7.10-1.4.7.37-universal.jar C:\Users\Фриз\AppData\Roaming\.minecraft\mods\EnderTech-1.7.10-0.3.2.405.jar C:\Users\Фриз\AppData\Roaming\.minecraft\mods\EnderZoo-1.7.10-1.0.15.32.jar C:\Users\Фриз\AppData\Roaming\.minecraft\mods\ExtraCells-1.7.10-2.3.14b197.jar C:\Users\Фриз\AppData\Roaming\.minecraft\mods\ExtraTiC-1.7.10-1.4.6.jar C:\Users\Фриз\AppData\Roaming\.minecraft\mods\extrautilities-1.2.12.jar C:\Users\Фриз\AppData\Roaming\.minecraft\mods\FastLeafDecay-1.7.10-1.4.jar C:\Users\Фриз\AppData\Roaming\.minecraft\mods\Forbidden Magic-1.7.10-0.575.jar C:\Users\Фриз\AppData\Roaming\.minecraft\mods\forestry_1.7.10-4.2.16.64.jar C:\Users\Фриз\AppData\Roaming\.minecraft\mods\FTBLib-1.7.10-1.0.18.3.jar C:\Users\Фриз\AppData\Roaming\.minecraft\mods\FTBTweaks-1.0.2.jar C:\Users\Фриз\AppData\Roaming\.minecraft\mods\FTBUtilities-1.7.10-1.0.18.3.jar C:\Users\Фриз\AppData\Roaming\.minecraft\mods\funky-locomotion-1.7.10-beta-7.jar C:\Users\Фриз\AppData\Roaming\.minecraft\mods\gendustry-1.6.3.132-mc1.7.10.jar C:\Users\Фриз\AppData\Roaming\.minecraft\mods\GraviSuite-1.7.10-2.0.3.jar C:\Users\Фриз\AppData\Roaming\.minecraft\mods\Guide-API-1.7.10-1.0.1-20.jar C:\Users\Фриз\AppData\Roaming\.minecraft\mods\Headcrumbs-1.7.4.jar C:\Users\Фриз\AppData\Roaming\.minecraft\mods\HQM_The_Journey_1.7.10_4.4.4.jar C:\Users\Фриз\AppData\Roaming\.minecraft\mods\IC2NuclearControl-2.4.2a.jar C:\Users\Фриз\AppData\Roaming\.minecraft\mods\iChunUtil-4.2.3.jar C:\Users\Фриз\AppData\Roaming\.minecraft\mods\ImmersiveEngineering-0.7.7.jar C:\Users\Фриз\AppData\Roaming\.minecraft\mods\immersiveintegration-0.6.8.jar C:\Users\Фриз\AppData\Roaming\.minecraft\mods\industrialcraft-2-2.2.827-experimental.jar C:\Users\Фриз\AppData\Roaming\.minecraft\mods\INpureCore-[1.7.10]1.0.0B9-62.jar C:\Users\Фриз\AppData\Roaming\.minecraft\mods\InventoryTweaks-1.59-dev-152.jar C:\Users\Фриз\AppData\Roaming\.minecraft\mods\ironchest-1.7.10-6.0.62.742-universal.jar C:\Users\Фриз\AppData\Roaming\.minecraft\mods\Jabba-1.2.2_1.7.10.jar C:\Users\Фриз\AppData\Roaming\.minecraft\mods\journeymap-1.7.10-5.1.4p2-unlimited.jar C:\Users\Фриз\AppData\Roaming\.minecraft\mods\logisticspipes-0.9.3.132.jar C:\Users\Фриз\AppData\Roaming\.minecraft\mods\magicbees-1.7.10-2.4.3.jar C:\Users\Фриз\AppData\Roaming\.minecraft\mods\Mantle-1.7.10-0.3.2b.jar C:\Users\Фриз\AppData\Roaming\.minecraft\mods\mcjtylib-1.8.1.jar C:\Users\Фриз\AppData\Roaming\.minecraft\mods\MineFactoryReloaded-[1.7.10]2.8.1-174.jar C:\Users\Фриз\AppData\Roaming\.minecraft\mods\ModTweaker2-0.9.6.jar C:\Users\Фриз\AppData\Roaming\.minecraft\mods\Morpheus-1.7.10-1.6.21.jar C:\Users\Фриз\AppData\Roaming\.minecraft\mods\mystcraft-1.7.10-0.12.3.04.jar C:\Users\Фриз\AppData\Roaming\.minecraft\mods\natura-1.7.10-2.2.0.1.jar C:\Users\Фриз\AppData\Roaming\.minecraft\mods\neiaddons-1.12.14.40-mc1.7.10.jar C:\Users\Фриз\AppData\Roaming\.minecraft\mods\NEIIntegration-MC1.7.10-1.1.2.jar C:\Users\Фриз\AppData\Roaming\.minecraft\mods\NetherOres-[1.7.10]2.3.1-22.jar C:\Users\Фриз\AppData\Roaming\.minecraft\mods\NotEnoughItems-1.7.10-1.0.5.120-universal.jar C:\Users\Фриз\AppData\Roaming\.minecraft\mods\NotEnoughResources-1.7.10-0.1.0-122.jar C:\Users\Фриз\AppData\Roaming\.minecraft\mods\OpenBlocks-1.7.10-1.6.jar C:\Users\Фриз\AppData\Roaming\.minecraft\mods\OpenComputers_MC1.7.10_1.7.5.1290_universal.jar C:\Users\Фриз\AppData\Roaming\.minecraft\mods\OpenModsLib-1.7.10-0.10.jar C:\Users\Фриз\AppData\Roaming\.minecraft\mods\OpenPeripheralAddons-1.7.10-0.6.jar C:\Users\Фриз\AppData\Roaming\.minecraft\mods\OpenPeripheralCore-1.7.10-1.4.jar C:\Users\Фриз\AppData\Roaming\.minecraft\mods\OpenPeripheralIntegration-1.7.10-0.6.jar C:\Users\Фриз\AppData\Roaming\.minecraft\mods\Pam's HarvestCraft 1.7.10Lb.jar C:\Users\Фриз\AppData\Roaming\.minecraft\mods\Patcher.jar C:\Users\Фриз\AppData\Roaming\.minecraft\mods\PortalGun-4.0.0-beta-6.jar C:\Users\Фриз\AppData\Roaming\.minecraft\mods\PortalGunSounds.pak C:\Users\Фриз\AppData\Roaming\.minecraft\mods\ProjectRed-1.7.10-4.7.0pre12.95-Base.jar C:\Users\Фриз\AppData\Roaming\.minecraft\mods\ProjectRed-1.7.10-4.7.0pre12.95-Compat.jar C:\Users\Фриз\AppData\Roaming\.minecraft\mods\ProjectRed-1.7.10-4.7.0pre12.95-Integration.jar C:\Users\Фриз\AppData\Roaming\.minecraft\mods\ProjectRed-1.7.10-4.7.0pre12.95-Lighting.jar C:\Users\Фриз\AppData\Roaming\.minecraft\mods\ProjectRed-1.7.10-4.7.0pre12.95-Mechanical.jar C:\Users\Фриз\AppData\Roaming\.minecraft\mods\ProjectRed-1.7.10-4.7.0pre12.95-World.jar C:\Users\Фриз\AppData\Roaming\.minecraft\mods\Railcraft_1.7.10-9.12.2.0.jar C:\Users\Фриз\AppData\Roaming\.minecraft\mods\RedstoneArsenal-[1.7.10]1.1.2-92.jar C:\Users\Фриз\AppData\Roaming\.minecraft\mods\rftools-4.23.jar C:\Users\Фриз\AppData\Roaming\.minecraft\mods\RunicDungeons-1.1.7b.jar C:\Users\Фриз\AppData\Roaming\.minecraft\mods\SimplyJetpacks-MC1.7.10-1.5.3.jar C:\Users\Фриз\AppData\Roaming\.minecraft\mods\SolarExpansion-Basic-1.6a.jar C:\Users\Фриз\AppData\Roaming\.minecraft\mods\Springboards-1.7.10-0.1.jar C:\Users\Фриз\AppData\Roaming\.minecraft\mods\StevesAddons-1.7.10-0.10.16.jar C:\Users\Фриз\AppData\Roaming\.minecraft\mods\StevesCarts2.0.0.b18.jar C:\Users\Фриз\AppData\Roaming\.minecraft\mods\StevesFactoryManagerA93.jar C:\Users\Фриз\AppData\Roaming\.minecraft\mods\StevesWorkshop-0.5.1.jar C:\Users\Фриз\AppData\Roaming\.minecraft\mods\StorageDrawers-1.7.10-1.10.8.jar C:\Users\Фриз\AppData\Roaming\.minecraft\mods\StorageDrawers-BiomesOPlenty-1.7.10-1.1.1.jar C:\Users\Фриз\AppData\Roaming\.minecraft\mods\StorageDrawers-Forestry-1.7.10-1.1.2.jar C:\Users\Фриз\AppData\Roaming\.minecraft\mods\StorageDrawers-Misc-1.7.10-1.1.2.jar C:\Users\Фриз\AppData\Roaming\.minecraft\mods\StorageDrawers-Natura-1.7.10-1.1.1.jar C:\Users\Фриз\AppData\Roaming\.minecraft\mods\tcinventoryscan-mc1.7.10-1.0.11.jar C:\Users\Фриз\AppData\Roaming\.minecraft\mods\TConstruct-1.7.10-1.8.8.jar C:\Users\Фриз\AppData\Roaming\.minecraft\mods\Thaumcraft-1.7.10-4.2.3.5.jar C:\Users\Фриз\AppData\Roaming\.minecraft\mods\thaumcraftneiplugin-1.7.10-1.7a.jar C:\Users\Фриз\AppData\Roaming\.minecraft\mods\thaumicenergistics-1.0.0.5.jar C:\Users\Фриз\AppData\Roaming\.minecraft\mods\ThaumicExploration-1.7.10-1.1-53.jar C:\Users\Фриз\AppData\Roaming\.minecraft\mods\ThaumicTinkerer-2.5-1.7.10-512.jar C:\Users\Фриз\AppData\Roaming\.minecraft\mods\ThermalDynamics-[1.7.10]1.2.1-172.jar C:\Users\Фриз\AppData\Roaming\.minecraft\mods\ThermalExpansion-[1.7.10]4.1.5-248.jar C:\Users\Фриз\AppData\Roaming\.minecraft\mods\ThermalFoundation-[1.7.10]1.2.6-118.jar C:\Users\Фриз\AppData\Roaming\.minecraft\mods\TiCTooltips-mc1.7.10-1.2.5.jar C:\Users\Фриз\AppData\Roaming\.minecraft\mods\TMechworks-1.7.10-0.2.15.106.jar C:\Users\Фриз\AppData\Roaming\.minecraft\mods\Translocator-1.7.10-1.1.2.16-universal.jar C:\Users\Фриз\AppData\Roaming\.minecraft\mods\twilightforest-1.7.10-2.3.7.jar C:\Users\Фриз\AppData\Roaming\.minecraft\mods\Waila-1.5.10_1.7.10.jar C:\Users\Фриз\AppData\Roaming\.minecraft\mods\WailaHarvestability-mc1.7.10-1.1.6.jar C:\Users\Фриз\AppData\Roaming\.minecraft\mods\Wawla-1.0.5.120.jar C:\Users\Фриз\AppData\Roaming\.minecraft\mods\witchery-1.7.10-0.24.1.jar C:\Users\Фриз\AppData\Roaming\.minecraft\mods\WR-CBE-1.7.10-1.4.1.9-universal.jar
flush now
